<?xml version="1.0" encoding="UTF-8"?>
<!-- Generated by org.testng.reporters.JUnitXMLReporter -->
<testsuite ignored="0" hostname="Shaunenoch" failures="494" tests="494" name="Test" time="44.988" errors="0" timestamp="2023-09-14T11:30:51 EDT">
  <testcase classname="io.cucumber.testng.AbstractTestNGCucumberTests" name="runScenario" time="0.266">
    <failure type="io.cucumber.core.runner.DuplicateStepDefinitionException" message="Duplicate step definitions in StepDefinition_LMS.Assignment_StepDefinition.admin_should_see_disabled_delete_icon_below_the(java.lang.String) and StepDefinition_LMS.Attendance_StepDefinition.admin_should_see_disabled_delete_icon_below_the(java.lang.String)">
      <![CDATA[io.cucumber.core.runner.DuplicateStepDefinitionException: Duplicate step definitions in StepDefinition_LMS.Assignment_StepDefinition.admin_should_see_disabled_delete_icon_below_the(java.lang.String) and StepDefinition_LMS.Attendance_StepDefinition.admin_should_see_disabled_delete_icon_below_the(java.lang.String)
at io.cucumber.core.runner.CachingGlue.lambda$prepareGlue$3(CachingGlue.java:277)
at java.base/java.util.ArrayList.forEach(ArrayList.java:1511)
at io.cucumber.core.runner.CachingGlue.prepareGlue(CachingGlue.java:271)
at io.cucumber.core.runner.Runner.runPickle(Runner.java:72)
at io.cucumber.testng.TestNGCucumberRunner.lambda$runScenario$1(TestNGCucumberRunner.java:132)
at io.cucumber.core.runtime.CucumberExecutionContext.lambda$runTestCase$3(CucumberExecutionContext.java:151)
at io.cucumber.core.runtime.RethrowingThrowableCollector.executeAndThrow(RethrowingThrowableCollector.java:23)
at io.cucumber.core.runtime.CucumberExecutionContext.runTestCase(CucumberExecutionContext.java:151)
at io.cucumber.testng.TestNGCucumberRunner.runScenario(TestNGCucumberRunner.java:129)
at io.cucumber.testng.AbstractTestNGCucumberTests.runScenario(AbstractTestNGCucumberTests.java:35)
at java.base/java.util.ArrayList.forEach(ArrayList.java:1511)
... Removed 25 stack frames]]>
    </failure>
  </testcase> <!-- runScenario -->
  <testcase classname="io.cucumber.testng.AbstractTestNGCucumberTests" name="runScenario" time="0.191">
    <failure type="io.cucumber.core.runner.DuplicateStepDefinitionException" message="Duplicate step definitions in StepDefinition_LMS.Assignment_StepDefinition.admin_should_see_disabled_delete_icon_below_the(java.lang.String) and StepDefinition_LMS.Attendance_StepDefinition.admin_should_see_disabled_delete_icon_below_the(java.lang.String)">
      <![CDATA[io.cucumber.core.runner.DuplicateStepDefinitionException: Duplicate step definitions in StepDefinition_LMS.Assignment_StepDefinition.admin_should_see_disabled_delete_icon_below_the(java.lang.String) and StepDefinition_LMS.Attendance_StepDefinition.admin_should_see_disabled_delete_icon_below_the(java.lang.String)
at io.cucumber.core.runner.CachingGlue.lambda$prepareGlue$3(CachingGlue.java:277)
at java.base/java.util.ArrayList.forEach(ArrayList.java:1511)
at io.cucumber.core.runner.CachingGlue.prepareGlue(CachingGlue.java:271)
at io.cucumber.core.runner.Runner.runPickle(Runner.java:72)
at io.cucumber.testng.TestNGCucumberRunner.lambda$runScenario$1(TestNGCucumberRunner.java:132)
at io.cucumber.core.runtime.CucumberExecutionContext.lambda$runTestCase$3(CucumberExecutionContext.java:151)
at io.cucumber.core.runtime.RethrowingThrowableCollector.executeAndThrow(RethrowingThrowableCollector.java:23)
at io.cucumber.core.runtime.CucumberExecutionContext.runTestCase(CucumberExecutionContext.java:151)
at io.cucumber.testng.TestNGCucumberRunner.runScenario(TestNGCucumberRunner.java:129)
at io.cucumber.testng.AbstractTestNGCucumberTests.runScenario(AbstractTestNGCucumberTests.java:35)
at java.base/java.util.ArrayList.forEach(ArrayList.java:1511)
... Removed 25 stack frames]]>
    </failure>
  </testcase> <!-- runScenario -->
  <testcase classname="io.cucumber.testng.AbstractTestNGCucumberTests" name="runScenario" time="0.136">
    <failure type="io.cucumber.core.runner.DuplicateStepDefinitionException" message="Duplicate step definitions in StepDefinition_LMS.Assignment_StepDefinition.admin_should_see_disabled_delete_icon_below_the(java.lang.String) and StepDefinition_LMS.Attendance_StepDefinition.admin_should_see_disabled_delete_icon_below_the(java.lang.String)">
      <![CDATA[io.cucumber.core.runner.DuplicateStepDefinitionException: Duplicate step definitions in StepDefinition_LMS.Assignment_StepDefinition.admin_should_see_disabled_delete_icon_below_the(java.lang.String) and StepDefinition_LMS.Attendance_StepDefinition.admin_should_see_disabled_delete_icon_below_the(java.lang.String)
at io.cucumber.core.runner.CachingGlue.lambda$prepareGlue$3(CachingGlue.java:277)
at java.base/java.util.ArrayList.forEach(ArrayList.java:1511)
at io.cucumber.core.runner.CachingGlue.prepareGlue(CachingGlue.java:271)
at io.cucumber.core.runner.Runner.runPickle(Runner.java:72)
at io.cucumber.testng.TestNGCucumberRunner.lambda$runScenario$1(TestNGCucumberRunner.java:132)
at io.cucumber.core.runtime.CucumberExecutionContext.lambda$runTestCase$3(CucumberExecutionContext.java:151)
at io.cucumber.core.runtime.RethrowingThrowableCollector.executeAndThrow(RethrowingThrowableCollector.java:23)
at io.cucumber.core.runtime.CucumberExecutionContext.runTestCase(CucumberExecutionContext.java:151)
at io.cucumber.testng.TestNGCucumberRunner.runScenario(TestNGCucumberRunner.java:129)
at io.cucumber.testng.AbstractTestNGCucumberTests.runScenario(AbstractTestNGCucumberTests.java:35)
at java.base/java.util.ArrayList.forEach(ArrayList.java:1511)
... Removed 25 stack frames]]>
    </failure>
  </testcase> <!-- runScenario -->
  <testcase classname="io.cucumber.testng.AbstractTestNGCucumberTests" name="runScenario" time="0.122">
    <failure type="io.cucumber.core.runner.DuplicateStepDefinitionException" message="Duplicate step definitions in StepDefinition_LMS.Assignment_StepDefinition.admin_should_see_disabled_delete_icon_below_the(java.lang.String) and StepDefinition_LMS.Attendance_StepDefinition.admin_should_see_disabled_delete_icon_below_the(java.lang.String)">
      <![CDATA[io.cucumber.core.runner.DuplicateStepDefinitionException: Duplicate step definitions in StepDefinition_LMS.Assignment_StepDefinition.admin_should_see_disabled_delete_icon_below_the(java.lang.String) and StepDefinition_LMS.Attendance_StepDefinition.admin_should_see_disabled_delete_icon_below_the(java.lang.String)
at io.cucumber.core.runner.CachingGlue.lambda$prepareGlue$3(CachingGlue.java:277)
at java.base/java.util.ArrayList.forEach(ArrayList.java:1511)
at io.cucumber.core.runner.CachingGlue.prepareGlue(CachingGlue.java:271)
at io.cucumber.core.runner.Runner.runPickle(Runner.java:72)
at io.cucumber.testng.TestNGCucumberRunner.lambda$runScenario$1(TestNGCucumberRunner.java:132)
at io.cucumber.core.runtime.CucumberExecutionContext.lambda$runTestCase$3(CucumberExecutionContext.java:151)
at io.cucumber.core.runtime.RethrowingThrowableCollector.executeAndThrow(RethrowingThrowableCollector.java:23)
at io.cucumber.core.runtime.CucumberExecutionContext.runTestCase(CucumberExecutionContext.java:151)
at io.cucumber.testng.TestNGCucumberRunner.runScenario(TestNGCucumberRunner.java:129)
at io.cucumber.testng.AbstractTestNGCucumberTests.runScenario(AbstractTestNGCucumberTests.java:35)
at java.base/java.util.ArrayList.forEach(ArrayList.java:1511)
... Removed 25 stack frames]]>
    </failure>
  </testcase> <!-- runScenario -->
  <testcase classname="io.cucumber.testng.AbstractTestNGCucumberTests" name="runScenario" time="0.1">
    <failure type="io.cucumber.core.runner.DuplicateStepDefinitionException" message="Duplicate step definitions in StepDefinition_LMS.Assignment_StepDefinition.admin_should_see_disabled_delete_icon_below_the(java.lang.String) and StepDefinition_LMS.Attendance_StepDefinition.admin_should_see_disabled_delete_icon_below_the(java.lang.String)">
      <![CDATA[io.cucumber.core.runner.DuplicateStepDefinitionException: Duplicate step definitions in StepDefinition_LMS.Assignment_StepDefinition.admin_should_see_disabled_delete_icon_below_the(java.lang.String) and StepDefinition_LMS.Attendance_StepDefinition.admin_should_see_disabled_delete_icon_below_the(java.lang.String)
at io.cucumber.core.runner.CachingGlue.lambda$prepareGlue$3(CachingGlue.java:277)
at java.base/java.util.ArrayList.forEach(ArrayList.java:1511)
at io.cucumber.core.runner.CachingGlue.prepareGlue(CachingGlue.java:271)
at io.cucumber.core.runner.Runner.runPickle(Runner.java:72)
at io.cucumber.testng.TestNGCucumberRunner.lambda$runScenario$1(TestNGCucumberRunner.java:132)
at io.cucumber.core.runtime.CucumberExecutionContext.lambda$runTestCase$3(CucumberExecutionContext.java:151)
at io.cucumber.core.runtime.RethrowingThrowableCollector.executeAndThrow(RethrowingThrowableCollector.java:23)
at io.cucumber.core.runtime.CucumberExecutionContext.runTestCase(CucumberExecutionContext.java:151)
at io.cucumber.testng.TestNGCucumberRunner.runScenario(TestNGCucumberRunner.java:129)
at io.cucumber.testng.AbstractTestNGCucumberTests.runScenario(AbstractTestNGCucumberTests.java:35)
at java.base/java.util.ArrayList.forEach(ArrayList.java:1511)
... Removed 25 stack frames]]>
    </failure>
  </testcase> <!-- runScenario -->
  <testcase classname="io.cucumber.testng.AbstractTestNGCucumberTests" name="runScenario" time="0.059">
    <failure type="io.cucumber.core.runner.DuplicateStepDefinitionException" message="Duplicate step definitions in StepDefinition_LMS.Assignment_StepDefinition.admin_should_see_disabled_delete_icon_below_the(java.lang.String) and StepDefinition_LMS.Attendance_StepDefinition.admin_should_see_disabled_delete_icon_below_the(java.lang.String)">
      <![CDATA[io.cucumber.core.runner.DuplicateStepDefinitionException: Duplicate step definitions in StepDefinition_LMS.Assignment_StepDefinition.admin_should_see_disabled_delete_icon_below_the(java.lang.String) and StepDefinition_LMS.Attendance_StepDefinition.admin_should_see_disabled_delete_icon_below_the(java.lang.String)
at io.cucumber.core.runner.CachingGlue.lambda$prepareGlue$3(CachingGlue.java:277)
at java.base/java.util.ArrayList.forEach(ArrayList.java:1511)
at io.cucumber.core.runner.CachingGlue.prepareGlue(CachingGlue.java:271)
at io.cucumber.core.runner.Runner.runPickle(Runner.java:72)
at io.cucumber.testng.TestNGCucumberRunner.lambda$runScenario$1(TestNGCucumberRunner.java:132)
at io.cucumber.core.runtime.CucumberExecutionContext.lambda$runTestCase$3(CucumberExecutionContext.java:151)
at io.cucumber.core.runtime.RethrowingThrowableCollector.executeAndThrow(RethrowingThrowableCollector.java:23)
at io.cucumber.core.runtime.CucumberExecutionContext.runTestCase(CucumberExecutionContext.java:151)
at io.cucumber.testng.TestNGCucumberRunner.runScenario(TestNGCucumberRunner.java:129)
at io.cucumber.testng.AbstractTestNGCucumberTests.runScenario(AbstractTestNGCucumberTests.java:35)
at java.base/java.util.ArrayList.forEach(ArrayList.java:1511)
... Removed 25 stack frames]]>
    </failure>
  </testcase> <!-- runScenario -->
  <testcase classname="io.cucumber.testng.AbstractTestNGCucumberTests" name="runScenario" time="0.086">
    <failure type="io.cucumber.core.runner.DuplicateStepDefinitionException" message="Duplicate step definitions in StepDefinition_LMS.Assignment_StepDefinition.admin_should_see_disabled_delete_icon_below_the(java.lang.String) and StepDefinition_LMS.Attendance_StepDefinition.admin_should_see_disabled_delete_icon_below_the(java.lang.String)">
      <![CDATA[io.cucumber.core.runner.DuplicateStepDefinitionException: Duplicate step definitions in StepDefinition_LMS.Assignment_StepDefinition.admin_should_see_disabled_delete_icon_below_the(java.lang.String) and StepDefinition_LMS.Attendance_StepDefinition.admin_should_see_disabled_delete_icon_below_the(java.lang.String)
at io.cucumber.core.runner.CachingGlue.lambda$prepareGlue$3(CachingGlue.java:277)
at java.base/java.util.ArrayList.forEach(ArrayList.java:1511)
at io.cucumber.core.runner.CachingGlue.prepareGlue(CachingGlue.java:271)
at io.cucumber.core.runner.Runner.runPickle(Runner.java:72)
at io.cucumber.testng.TestNGCucumberRunner.lambda$runScenario$1(TestNGCucumberRunner.java:132)
at io.cucumber.core.runtime.CucumberExecutionContext.lambda$runTestCase$3(CucumberExecutionContext.java:151)
at io.cucumber.core.runtime.RethrowingThrowableCollector.executeAndThrow(RethrowingThrowableCollector.java:23)
at io.cucumber.core.runtime.CucumberExecutionContext.runTestCase(CucumberExecutionContext.java:151)
at io.cucumber.testng.TestNGCucumberRunner.runScenario(TestNGCucumberRunner.java:129)
at io.cucumber.testng.AbstractTestNGCucumberTests.runScenario(AbstractTestNGCucumberTests.java:35)
at java.base/java.util.ArrayList.forEach(ArrayList.java:1511)
... Removed 25 stack frames]]>
    </failure>
  </testcase> <!-- runScenario -->
  <testcase classname="io.cucumber.testng.AbstractTestNGCucumberTests" name="runScenario" time="0.077">
    <failure type="io.cucumber.core.runner.DuplicateStepDefinitionException" message="Duplicate step definitions in StepDefinition_LMS.Assignment_StepDefinition.admin_should_see_disabled_delete_icon_below_the(java.lang.String) and StepDefinition_LMS.Attendance_StepDefinition.admin_should_see_disabled_delete_icon_below_the(java.lang.String)">
      <![CDATA[io.cucumber.core.runner.DuplicateStepDefinitionException: Duplicate step definitions in StepDefinition_LMS.Assignment_StepDefinition.admin_should_see_disabled_delete_icon_below_the(java.lang.String) and StepDefinition_LMS.Attendance_StepDefinition.admin_should_see_disabled_delete_icon_below_the(java.lang.String)
at io.cucumber.core.runner.CachingGlue.lambda$prepareGlue$3(CachingGlue.java:277)
at java.base/java.util.ArrayList.forEach(ArrayList.java:1511)
at io.cucumber.core.runner.CachingGlue.prepareGlue(CachingGlue.java:271)
at io.cucumber.core.runner.Runner.runPickle(Runner.java:72)
at io.cucumber.testng.TestNGCucumberRunner.lambda$runScenario$1(TestNGCucumberRunner.java:132)
at io.cucumber.core.runtime.CucumberExecutionContext.lambda$runTestCase$3(CucumberExecutionContext.java:151)
at io.cucumber.core.runtime.RethrowingThrowableCollector.executeAndThrow(RethrowingThrowableCollector.java:23)
at io.cucumber.core.runtime.CucumberExecutionContext.runTestCase(CucumberExecutionContext.java:151)
at io.cucumber.testng.TestNGCucumberRunner.runScenario(TestNGCucumberRunner.java:129)
at io.cucumber.testng.AbstractTestNGCucumberTests.runScenario(AbstractTestNGCucumberTests.java:35)
at java.base/java.util.ArrayList.forEach(ArrayList.java:1511)
... Removed 25 stack frames]]>
    </failure>
  </testcase> <!-- runScenario -->
  <testcase classname="io.cucumber.testng.AbstractTestNGCucumberTests" name="runScenario" time="0.065">
    <failure type="io.cucumber.core.runner.DuplicateStepDefinitionException" message="Duplicate step definitions in StepDefinition_LMS.Assignment_StepDefinition.admin_should_see_disabled_delete_icon_below_the(java.lang.String) and StepDefinition_LMS.Attendance_StepDefinition.admin_should_see_disabled_delete_icon_below_the(java.lang.String)">
      <![CDATA[io.cucumber.core.runner.DuplicateStepDefinitionException: Duplicate step definitions in StepDefinition_LMS.Assignment_StepDefinition.admin_should_see_disabled_delete_icon_below_the(java.lang.String) and StepDefinition_LMS.Attendance_StepDefinition.admin_should_see_disabled_delete_icon_below_the(java.lang.String)
at io.cucumber.core.runner.CachingGlue.lambda$prepareGlue$3(CachingGlue.java:277)
at java.base/java.util.ArrayList.forEach(ArrayList.java:1511)
at io.cucumber.core.runner.CachingGlue.prepareGlue(CachingGlue.java:271)
at io.cucumber.core.runner.Runner.runPickle(Runner.java:72)
at io.cucumber.testng.TestNGCucumberRunner.lambda$runScenario$1(TestNGCucumberRunner.java:132)
at io.cucumber.core.runtime.CucumberExecutionContext.lambda$runTestCase$3(CucumberExecutionContext.java:151)
at io.cucumber.core.runtime.RethrowingThrowableCollector.executeAndThrow(RethrowingThrowableCollector.java:23)
at io.cucumber.core.runtime.CucumberExecutionContext.runTestCase(CucumberExecutionContext.java:151)
at io.cucumber.testng.TestNGCucumberRunner.runScenario(TestNGCucumberRunner.java:129)
at io.cucumber.testng.AbstractTestNGCucumberTests.runScenario(AbstractTestNGCucumberTests.java:35)
at java.base/java.util.ArrayList.forEach(ArrayList.java:1511)
... Removed 25 stack frames]]>
    </failure>
  </testcase> <!-- runScenario -->
  <testcase classname="io.cucumber.testng.AbstractTestNGCucumberTests" name="runScenario" time="0.06">
    <failure type="io.cucumber.core.runner.DuplicateStepDefinitionException" message="Duplicate step definitions in StepDefinition_LMS.Assignment_StepDefinition.admin_should_see_disabled_delete_icon_below_the(java.lang.String) and StepDefinition_LMS.Attendance_StepDefinition.admin_should_see_disabled_delete_icon_below_the(java.lang.String)">
      <![CDATA[io.cucumber.core.runner.DuplicateStepDefinitionException: Duplicate step definitions in StepDefinition_LMS.Assignment_StepDefinition.admin_should_see_disabled_delete_icon_below_the(java.lang.String) and StepDefinition_LMS.Attendance_StepDefinition.admin_should_see_disabled_delete_icon_below_the(java.lang.String)
at io.cucumber.core.runner.CachingGlue.lambda$prepareGlue$3(CachingGlue.java:277)
at java.base/java.util.ArrayList.forEach(ArrayList.java:1511)
at io.cucumber.core.runner.CachingGlue.prepareGlue(CachingGlue.java:271)
at io.cucumber.core.runner.Runner.runPickle(Runner.java:72)
at io.cucumber.testng.TestNGCucumberRunner.lambda$runScenario$1(TestNGCucumberRunner.java:132)
at io.cucumber.core.runtime.CucumberExecutionContext.lambda$runTestCase$3(CucumberExecutionContext.java:151)
at io.cucumber.core.runtime.RethrowingThrowableCollector.executeAndThrow(RethrowingThrowableCollector.java:23)
at io.cucumber.core.runtime.CucumberExecutionContext.runTestCase(CucumberExecutionContext.java:151)
at io.cucumber.testng.TestNGCucumberRunner.runScenario(TestNGCucumberRunner.java:129)
at io.cucumber.testng.AbstractTestNGCucumberTests.runScenario(AbstractTestNGCucumberTests.java:35)
at java.base/java.util.ArrayList.forEach(ArrayList.java:1511)
... Removed 25 stack frames]]>
    </failure>
  </testcase> <!-- runScenario -->
  <testcase classname="io.cucumber.testng.AbstractTestNGCucumberTests" name="runScenario" time="0.116">
    <failure type="io.cucumber.core.runner.DuplicateStepDefinitionException" message="Duplicate step definitions in StepDefinition_LMS.Assignment_StepDefinition.admin_should_see_disabled_delete_icon_below_the(java.lang.String) and StepDefinition_LMS.Attendance_StepDefinition.admin_should_see_disabled_delete_icon_below_the(java.lang.String)">
      <![CDATA[io.cucumber.core.runner.DuplicateStepDefinitionException: Duplicate step definitions in StepDefinition_LMS.Assignment_StepDefinition.admin_should_see_disabled_delete_icon_below_the(java.lang.String) and StepDefinition_LMS.Attendance_StepDefinition.admin_should_see_disabled_delete_icon_below_the(java.lang.String)
at io.cucumber.core.runner.CachingGlue.lambda$prepareGlue$3(CachingGlue.java:277)
at java.base/java.util.ArrayList.forEach(ArrayList.java:1511)
at io.cucumber.core.runner.CachingGlue.prepareGlue(CachingGlue.java:271)
at io.cucumber.core.runner.Runner.runPickle(Runner.java:72)
at io.cucumber.testng.TestNGCucumberRunner.lambda$runScenario$1(TestNGCucumberRunner.java:132)
at io.cucumber.core.runtime.CucumberExecutionContext.lambda$runTestCase$3(CucumberExecutionContext.java:151)
at io.cucumber.core.runtime.RethrowingThrowableCollector.executeAndThrow(RethrowingThrowableCollector.java:23)
at io.cucumber.core.runtime.CucumberExecutionContext.runTestCase(CucumberExecutionContext.java:151)
at io.cucumber.testng.TestNGCucumberRunner.runScenario(TestNGCucumberRunner.java:129)
at io.cucumber.testng.AbstractTestNGCucumberTests.runScenario(AbstractTestNGCucumberTests.java:35)
at java.base/java.util.ArrayList.forEach(ArrayList.java:1511)
... Removed 25 stack frames]]>
    </failure>
  </testcase> <!-- runScenario -->
  <testcase classname="io.cucumber.testng.AbstractTestNGCucumberTests" name="runScenario" time="0.06">
    <failure type="io.cucumber.core.runner.DuplicateStepDefinitionException" message="Duplicate step definitions in StepDefinition_LMS.Assignment_StepDefinition.admin_should_see_disabled_delete_icon_below_the(java.lang.String) and StepDefinition_LMS.Attendance_StepDefinition.admin_should_see_disabled_delete_icon_below_the(java.lang.String)">
      <![CDATA[io.cucumber.core.runner.DuplicateStepDefinitionException: Duplicate step definitions in StepDefinition_LMS.Assignment_StepDefinition.admin_should_see_disabled_delete_icon_below_the(java.lang.String) and StepDefinition_LMS.Attendance_StepDefinition.admin_should_see_disabled_delete_icon_below_the(java.lang.String)
at io.cucumber.core.runner.CachingGlue.lambda$prepareGlue$3(CachingGlue.java:277)
at java.base/java.util.ArrayList.forEach(ArrayList.java:1511)
at io.cucumber.core.runner.CachingGlue.prepareGlue(CachingGlue.java:271)
at io.cucumber.core.runner.Runner.runPickle(Runner.java:72)
at io.cucumber.testng.TestNGCucumberRunner.lambda$runScenario$1(TestNGCucumberRunner.java:132)
at io.cucumber.core.runtime.CucumberExecutionContext.lambda$runTestCase$3(CucumberExecutionContext.java:151)
at io.cucumber.core.runtime.RethrowingThrowableCollector.executeAndThrow(RethrowingThrowableCollector.java:23)
at io.cucumber.core.runtime.CucumberExecutionContext.runTestCase(CucumberExecutionContext.java:151)
at io.cucumber.testng.TestNGCucumberRunner.runScenario(TestNGCucumberRunner.java:129)
at io.cucumber.testng.AbstractTestNGCucumberTests.runScenario(AbstractTestNGCucumberTests.java:35)
at java.base/java.util.ArrayList.forEach(ArrayList.java:1511)
... Removed 25 stack frames]]>
    </failure>
  </testcase> <!-- runScenario -->
  <testcase classname="io.cucumber.testng.AbstractTestNGCucumberTests" name="runScenario" time="0.065">
    <failure type="io.cucumber.core.runner.DuplicateStepDefinitionException" message="Duplicate step definitions in StepDefinition_LMS.Assignment_StepDefinition.admin_should_see_disabled_delete_icon_below_the(java.lang.String) and StepDefinition_LMS.Attendance_StepDefinition.admin_should_see_disabled_delete_icon_below_the(java.lang.String)">
      <![CDATA[io.cucumber.core.runner.DuplicateStepDefinitionException: Duplicate step definitions in StepDefinition_LMS.Assignment_StepDefinition.admin_should_see_disabled_delete_icon_below_the(java.lang.String) and StepDefinition_LMS.Attendance_StepDefinition.admin_should_see_disabled_delete_icon_below_the(java.lang.String)
at io.cucumber.core.runner.CachingGlue.lambda$prepareGlue$3(CachingGlue.java:277)
at java.base/java.util.ArrayList.forEach(ArrayList.java:1511)
at io.cucumber.core.runner.CachingGlue.prepareGlue(CachingGlue.java:271)
at io.cucumber.core.runner.Runner.runPickle(Runner.java:72)
at io.cucumber.testng.TestNGCucumberRunner.lambda$runScenario$1(TestNGCucumberRunner.java:132)
at io.cucumber.core.runtime.CucumberExecutionContext.lambda$runTestCase$3(CucumberExecutionContext.java:151)
at io.cucumber.core.runtime.RethrowingThrowableCollector.executeAndThrow(RethrowingThrowableCollector.java:23)
at io.cucumber.core.runtime.CucumberExecutionContext.runTestCase(CucumberExecutionContext.java:151)
at io.cucumber.testng.TestNGCucumberRunner.runScenario(TestNGCucumberRunner.java:129)
at io.cucumber.testng.AbstractTestNGCucumberTests.runScenario(AbstractTestNGCucumberTests.java:35)
at java.base/java.util.ArrayList.forEach(ArrayList.java:1511)
... Removed 25 stack frames]]>
    </failure>
  </testcase> <!-- runScenario -->
  <testcase classname="io.cucumber.testng.AbstractTestNGCucumberTests" name="runScenario" time="0.052">
    <failure type="io.cucumber.core.runner.DuplicateStepDefinitionException" message="Duplicate step definitions in StepDefinition_LMS.Assignment_StepDefinition.admin_should_see_disabled_delete_icon_below_the(java.lang.String) and StepDefinition_LMS.Attendance_StepDefinition.admin_should_see_disabled_delete_icon_below_the(java.lang.String)">
      <![CDATA[io.cucumber.core.runner.DuplicateStepDefinitionException: Duplicate step definitions in StepDefinition_LMS.Assignment_StepDefinition.admin_should_see_disabled_delete_icon_below_the(java.lang.String) and StepDefinition_LMS.Attendance_StepDefinition.admin_should_see_disabled_delete_icon_below_the(java.lang.String)
at io.cucumber.core.runner.CachingGlue.lambda$prepareGlue$3(CachingGlue.java:277)
at java.base/java.util.ArrayList.forEach(ArrayList.java:1511)
at io.cucumber.core.runner.CachingGlue.prepareGlue(CachingGlue.java:271)
at io.cucumber.core.runner.Runner.runPickle(Runner.java:72)
at io.cucumber.testng.TestNGCucumberRunner.lambda$runScenario$1(TestNGCucumberRunner.java:132)
at io.cucumber.core.runtime.CucumberExecutionContext.lambda$runTestCase$3(CucumberExecutionContext.java:151)
at io.cucumber.core.runtime.RethrowingThrowableCollector.executeAndThrow(RethrowingThrowableCollector.java:23)
at io.cucumber.core.runtime.CucumberExecutionContext.runTestCase(CucumberExecutionContext.java:151)
at io.cucumber.testng.TestNGCucumberRunner.runScenario(TestNGCucumberRunner.java:129)
at io.cucumber.testng.AbstractTestNGCucumberTests.runScenario(AbstractTestNGCucumberTests.java:35)
at java.base/java.util.ArrayList.forEach(ArrayList.java:1511)
... Removed 25 stack frames]]>
    </failure>
  </testcase> <!-- runScenario -->
  <testcase classname="io.cucumber.testng.AbstractTestNGCucumberTests" name="runScenario" time="0.065">
    <failure type="io.cucumber.core.runner.DuplicateStepDefinitionException" message="Duplicate step definitions in StepDefinition_LMS.Assignment_StepDefinition.admin_should_see_disabled_delete_icon_below_the(java.lang.String) and StepDefinition_LMS.Attendance_StepDefinition.admin_should_see_disabled_delete_icon_below_the(java.lang.String)">
      <![CDATA[io.cucumber.core.runner.DuplicateStepDefinitionException: Duplicate step definitions in StepDefinition_LMS.Assignment_StepDefinition.admin_should_see_disabled_delete_icon_below_the(java.lang.String) and StepDefinition_LMS.Attendance_StepDefinition.admin_should_see_disabled_delete_icon_below_the(java.lang.String)
at io.cucumber.core.runner.CachingGlue.lambda$prepareGlue$3(CachingGlue.java:277)
at java.base/java.util.ArrayList.forEach(ArrayList.java:1511)
at io.cucumber.core.runner.CachingGlue.prepareGlue(CachingGlue.java:271)
at io.cucumber.core.runner.Runner.runPickle(Runner.java:72)
at io.cucumber.testng.TestNGCucumberRunner.lambda$runScenario$1(TestNGCucumberRunner.java:132)
at io.cucumber.core.runtime.CucumberExecutionContext.lambda$runTestCase$3(CucumberExecutionContext.java:151)
at io.cucumber.core.runtime.RethrowingThrowableCollector.executeAndThrow(RethrowingThrowableCollector.java:23)
at io.cucumber.core.runtime.CucumberExecutionContext.runTestCase(CucumberExecutionContext.java:151)
at io.cucumber.testng.TestNGCucumberRunner.runScenario(TestNGCucumberRunner.java:129)
at io.cucumber.testng.AbstractTestNGCucumberTests.runScenario(AbstractTestNGCucumberTests.java:35)
at java.base/java.util.ArrayList.forEach(ArrayList.java:1511)
... Removed 25 stack frames]]>
    </failure>
  </testcase> <!-- runScenario -->
  <testcase classname="io.cucumber.testng.AbstractTestNGCucumberTests" name="runScenario" time="0.053">
    <failure type="io.cucumber.core.runner.DuplicateStepDefinitionException" message="Duplicate step definitions in StepDefinition_LMS.Assignment_StepDefinition.admin_should_see_disabled_delete_icon_below_the(java.lang.String) and StepDefinition_LMS.Attendance_StepDefinition.admin_should_see_disabled_delete_icon_below_the(java.lang.String)">
      <![CDATA[io.cucumber.core.runner.DuplicateStepDefinitionException: Duplicate step definitions in StepDefinition_LMS.Assignment_StepDefinition.admin_should_see_disabled_delete_icon_below_the(java.lang.String) and StepDefinition_LMS.Attendance_StepDefinition.admin_should_see_disabled_delete_icon_below_the(java.lang.String)
at io.cucumber.core.runner.CachingGlue.lambda$prepareGlue$3(CachingGlue.java:277)
at java.base/java.util.ArrayList.forEach(ArrayList.java:1511)
at io.cucumber.core.runner.CachingGlue.prepareGlue(CachingGlue.java:271)
at io.cucumber.core.runner.Runner.runPickle(Runner.java:72)
at io.cucumber.testng.TestNGCucumberRunner.lambda$runScenario$1(TestNGCucumberRunner.java:132)
at io.cucumber.core.runtime.CucumberExecutionContext.lambda$runTestCase$3(CucumberExecutionContext.java:151)
at io.cucumber.core.runtime.RethrowingThrowableCollector.executeAndThrow(RethrowingThrowableCollector.java:23)
at io.cucumber.core.runtime.CucumberExecutionContext.runTestCase(CucumberExecutionContext.java:151)
at io.cucumber.testng.TestNGCucumberRunner.runScenario(TestNGCucumberRunner.java:129)
at io.cucumber.testng.AbstractTestNGCucumberTests.runScenario(AbstractTestNGCucumberTests.java:35)
at java.base/java.util.ArrayList.forEach(ArrayList.java:1511)
... Removed 25 stack frames]]>
    </failure>
  </testcase> <!-- runScenario -->
  <testcase classname="io.cucumber.testng.AbstractTestNGCucumberTests" name="runScenario" time="0.057">
    <failure type="io.cucumber.core.runner.DuplicateStepDefinitionException" message="Duplicate step definitions in StepDefinition_LMS.Assignment_StepDefinition.admin_should_see_disabled_delete_icon_below_the(java.lang.String) and StepDefinition_LMS.Attendance_StepDefinition.admin_should_see_disabled_delete_icon_below_the(java.lang.String)">
      <![CDATA[io.cucumber.core.runner.DuplicateStepDefinitionException: Duplicate step definitions in StepDefinition_LMS.Assignment_StepDefinition.admin_should_see_disabled_delete_icon_below_the(java.lang.String) and StepDefinition_LMS.Attendance_StepDefinition.admin_should_see_disabled_delete_icon_below_the(java.lang.String)
at io.cucumber.core.runner.CachingGlue.lambda$prepareGlue$3(CachingGlue.java:277)
at java.base/java.util.ArrayList.forEach(ArrayList.java:1511)
at io.cucumber.core.runner.CachingGlue.prepareGlue(CachingGlue.java:271)
at io.cucumber.core.runner.Runner.runPickle(Runner.java:72)
at io.cucumber.testng.TestNGCucumberRunner.lambda$runScenario$1(TestNGCucumberRunner.java:132)
at io.cucumber.core.runtime.CucumberExecutionContext.lambda$runTestCase$3(CucumberExecutionContext.java:151)
at io.cucumber.core.runtime.RethrowingThrowableCollector.executeAndThrow(RethrowingThrowableCollector.java:23)
at io.cucumber.core.runtime.CucumberExecutionContext.runTestCase(CucumberExecutionContext.java:151)
at io.cucumber.testng.TestNGCucumberRunner.runScenario(TestNGCucumberRunner.java:129)
at io.cucumber.testng.AbstractTestNGCucumberTests.runScenario(AbstractTestNGCucumberTests.java:35)
at java.base/java.util.ArrayList.forEach(ArrayList.java:1511)
... Removed 25 stack frames]]>
    </failure>
  </testcase> <!-- runScenario -->
  <testcase classname="io.cucumber.testng.AbstractTestNGCucumberTests" name="runScenario" time="0.042">
    <failure type="io.cucumber.core.runner.DuplicateStepDefinitionException" message="Duplicate step definitions in StepDefinition_LMS.Assignment_StepDefinition.admin_should_see_disabled_delete_icon_below_the(java.lang.String) and StepDefinition_LMS.Attendance_StepDefinition.admin_should_see_disabled_delete_icon_below_the(java.lang.String)">
      <![CDATA[io.cucumber.core.runner.DuplicateStepDefinitionException: Duplicate step definitions in StepDefinition_LMS.Assignment_StepDefinition.admin_should_see_disabled_delete_icon_below_the(java.lang.String) and StepDefinition_LMS.Attendance_StepDefinition.admin_should_see_disabled_delete_icon_below_the(java.lang.String)
at io.cucumber.core.runner.CachingGlue.lambda$prepareGlue$3(CachingGlue.java:277)
at java.base/java.util.ArrayList.forEach(ArrayList.java:1511)
at io.cucumber.core.runner.CachingGlue.prepareGlue(CachingGlue.java:271)
at io.cucumber.core.runner.Runner.runPickle(Runner.java:72)
at io.cucumber.testng.TestNGCucumberRunner.lambda$runScenario$1(TestNGCucumberRunner.java:132)
at io.cucumber.core.runtime.CucumberExecutionContext.lambda$runTestCase$3(CucumberExecutionContext.java:151)
at io.cucumber.core.runtime.RethrowingThrowableCollector.executeAndThrow(RethrowingThrowableCollector.java:23)
at io.cucumber.core.runtime.CucumberExecutionContext.runTestCase(CucumberExecutionContext.java:151)
at io.cucumber.testng.TestNGCucumberRunner.runScenario(TestNGCucumberRunner.java:129)
at io.cucumber.testng.AbstractTestNGCucumberTests.runScenario(AbstractTestNGCucumberTests.java:35)
at java.base/java.util.ArrayList.forEach(ArrayList.java:1511)
... Removed 25 stack frames]]>
    </failure>
  </testcase> <!-- runScenario -->
  <testcase classname="io.cucumber.testng.AbstractTestNGCucumberTests" name="runScenario" time="0.044">
    <failure type="io.cucumber.core.runner.DuplicateStepDefinitionException" message="Duplicate step definitions in StepDefinition_LMS.Assignment_StepDefinition.admin_should_see_disabled_delete_icon_below_the(java.lang.String) and StepDefinition_LMS.Attendance_StepDefinition.admin_should_see_disabled_delete_icon_below_the(java.lang.String)">
      <![CDATA[io.cucumber.core.runner.DuplicateStepDefinitionException: Duplicate step definitions in StepDefinition_LMS.Assignment_StepDefinition.admin_should_see_disabled_delete_icon_below_the(java.lang.String) and StepDefinition_LMS.Attendance_StepDefinition.admin_should_see_disabled_delete_icon_below_the(java.lang.String)
at io.cucumber.core.runner.CachingGlue.lambda$prepareGlue$3(CachingGlue.java:277)
at java.base/java.util.ArrayList.forEach(ArrayList.java:1511)
at io.cucumber.core.runner.CachingGlue.prepareGlue(CachingGlue.java:271)
at io.cucumber.core.runner.Runner.runPickle(Runner.java:72)
at io.cucumber.testng.TestNGCucumberRunner.lambda$runScenario$1(TestNGCucumberRunner.java:132)
at io.cucumber.core.runtime.CucumberExecutionContext.lambda$runTestCase$3(CucumberExecutionContext.java:151)
at io.cucumber.core.runtime.RethrowingThrowableCollector.executeAndThrow(RethrowingThrowableCollector.java:23)
at io.cucumber.core.runtime.CucumberExecutionContext.runTestCase(CucumberExecutionContext.java:151)
at io.cucumber.testng.TestNGCucumberRunner.runScenario(TestNGCucumberRunner.java:129)
at io.cucumber.testng.AbstractTestNGCucumberTests.runScenario(AbstractTestNGCucumberTests.java:35)
at java.base/java.util.ArrayList.forEach(ArrayList.java:1511)
... Removed 25 stack frames]]>
    </failure>
  </testcase> <!-- runScenario -->
  <testcase classname="io.cucumber.testng.AbstractTestNGCucumberTests" name="runScenario" time="0.075">
    <failure type="io.cucumber.core.runner.DuplicateStepDefinitionException" message="Duplicate step definitions in StepDefinition_LMS.Assignment_StepDefinition.admin_should_see_disabled_delete_icon_below_the(java.lang.String) and StepDefinition_LMS.Attendance_StepDefinition.admin_should_see_disabled_delete_icon_below_the(java.lang.String)">
      <![CDATA[io.cucumber.core.runner.DuplicateStepDefinitionException: Duplicate step definitions in StepDefinition_LMS.Assignment_StepDefinition.admin_should_see_disabled_delete_icon_below_the(java.lang.String) and StepDefinition_LMS.Attendance_StepDefinition.admin_should_see_disabled_delete_icon_below_the(java.lang.String)
at io.cucumber.core.runner.CachingGlue.lambda$prepareGlue$3(CachingGlue.java:277)
at java.base/java.util.ArrayList.forEach(ArrayList.java:1511)
at io.cucumber.core.runner.CachingGlue.prepareGlue(CachingGlue.java:271)
at io.cucumber.core.runner.Runner.runPickle(Runner.java:72)
at io.cucumber.testng.TestNGCucumberRunner.lambda$runScenario$1(TestNGCucumberRunner.java:132)
at io.cucumber.core.runtime.CucumberExecutionContext.lambda$runTestCase$3(CucumberExecutionContext.java:151)
at io.cucumber.core.runtime.RethrowingThrowableCollector.executeAndThrow(RethrowingThrowableCollector.java:23)
at io.cucumber.core.runtime.CucumberExecutionContext.runTestCase(CucumberExecutionContext.java:151)
at io.cucumber.testng.TestNGCucumberRunner.runScenario(TestNGCucumberRunner.java:129)
at io.cucumber.testng.AbstractTestNGCucumberTests.runScenario(AbstractTestNGCucumberTests.java:35)
at java.base/java.util.ArrayList.forEach(ArrayList.java:1511)
... Removed 25 stack frames]]>
    </failure>
  </testcase> <!-- runScenario -->
  <testcase classname="io.cucumber.testng.AbstractTestNGCucumberTests" name="runScenario" time="0.042">
    <failure type="io.cucumber.core.runner.DuplicateStepDefinitionException" message="Duplicate step definitions in StepDefinition_LMS.Assignment_StepDefinition.admin_should_see_disabled_delete_icon_below_the(java.lang.String) and StepDefinition_LMS.Attendance_StepDefinition.admin_should_see_disabled_delete_icon_below_the(java.lang.String)">
      <![CDATA[io.cucumber.core.runner.DuplicateStepDefinitionException: Duplicate step definitions in StepDefinition_LMS.Assignment_StepDefinition.admin_should_see_disabled_delete_icon_below_the(java.lang.String) and StepDefinition_LMS.Attendance_StepDefinition.admin_should_see_disabled_delete_icon_below_the(java.lang.String)
at io.cucumber.core.runner.CachingGlue.lambda$prepareGlue$3(CachingGlue.java:277)
at java.base/java.util.ArrayList.forEach(ArrayList.java:1511)
at io.cucumber.core.runner.CachingGlue.prepareGlue(CachingGlue.java:271)
at io.cucumber.core.runner.Runner.runPickle(Runner.java:72)
at io.cucumber.testng.TestNGCucumberRunner.lambda$runScenario$1(TestNGCucumberRunner.java:132)
at io.cucumber.core.runtime.CucumberExecutionContext.lambda$runTestCase$3(CucumberExecutionContext.java:151)
at io.cucumber.core.runtime.RethrowingThrowableCollector.executeAndThrow(RethrowingThrowableCollector.java:23)
at io.cucumber.core.runtime.CucumberExecutionContext.runTestCase(CucumberExecutionContext.java:151)
at io.cucumber.testng.TestNGCucumberRunner.runScenario(TestNGCucumberRunner.java:129)
at io.cucumber.testng.AbstractTestNGCucumberTests.runScenario(AbstractTestNGCucumberTests.java:35)
at java.base/java.util.ArrayList.forEach(ArrayList.java:1511)
... Removed 25 stack frames]]>
    </failure>
  </testcase> <!-- runScenario -->
  <testcase classname="io.cucumber.testng.AbstractTestNGCucumberTests" name="runScenario" time="0.037">
    <failure type="io.cucumber.core.runner.DuplicateStepDefinitionException" message="Duplicate step definitions in StepDefinition_LMS.Assignment_StepDefinition.admin_should_see_disabled_delete_icon_below_the(java.lang.String) and StepDefinition_LMS.Attendance_StepDefinition.admin_should_see_disabled_delete_icon_below_the(java.lang.String)">
      <![CDATA[io.cucumber.core.runner.DuplicateStepDefinitionException: Duplicate step definitions in StepDefinition_LMS.Assignment_StepDefinition.admin_should_see_disabled_delete_icon_below_the(java.lang.String) and StepDefinition_LMS.Attendance_StepDefinition.admin_should_see_disabled_delete_icon_below_the(java.lang.String)
at io.cucumber.core.runner.CachingGlue.lambda$prepareGlue$3(CachingGlue.java:277)
at java.base/java.util.ArrayList.forEach(ArrayList.java:1511)
at io.cucumber.core.runner.CachingGlue.prepareGlue(CachingGlue.java:271)
at io.cucumber.core.runner.Runner.runPickle(Runner.java:72)
at io.cucumber.testng.TestNGCucumberRunner.lambda$runScenario$1(TestNGCucumberRunner.java:132)
at io.cucumber.core.runtime.CucumberExecutionContext.lambda$runTestCase$3(CucumberExecutionContext.java:151)
at io.cucumber.core.runtime.RethrowingThrowableCollector.executeAndThrow(RethrowingThrowableCollector.java:23)
at io.cucumber.core.runtime.CucumberExecutionContext.runTestCase(CucumberExecutionContext.java:151)
at io.cucumber.testng.TestNGCucumberRunner.runScenario(TestNGCucumberRunner.java:129)
at io.cucumber.testng.AbstractTestNGCucumberTests.runScenario(AbstractTestNGCucumberTests.java:35)
at java.base/java.util.ArrayList.forEach(ArrayList.java:1511)
... Removed 25 stack frames]]>
    </failure>
  </testcase> <!-- runScenario -->
  <testcase classname="io.cucumber.testng.AbstractTestNGCucumberTests" name="runScenario" time="0.049">
    <failure type="io.cucumber.core.runner.DuplicateStepDefinitionException" message="Duplicate step definitions in StepDefinition_LMS.Assignment_StepDefinition.admin_should_see_disabled_delete_icon_below_the(java.lang.String) and StepDefinition_LMS.Attendance_StepDefinition.admin_should_see_disabled_delete_icon_below_the(java.lang.String)">
      <![CDATA[io.cucumber.core.runner.DuplicateStepDefinitionException: Duplicate step definitions in StepDefinition_LMS.Assignment_StepDefinition.admin_should_see_disabled_delete_icon_below_the(java.lang.String) and StepDefinition_LMS.Attendance_StepDefinition.admin_should_see_disabled_delete_icon_below_the(java.lang.String)
at io.cucumber.core.runner.CachingGlue.lambda$prepareGlue$3(CachingGlue.java:277)
at java.base/java.util.ArrayList.forEach(ArrayList.java:1511)
at io.cucumber.core.runner.CachingGlue.prepareGlue(CachingGlue.java:271)
at io.cucumber.core.runner.Runner.runPickle(Runner.java:72)
at io.cucumber.testng.TestNGCucumberRunner.lambda$runScenario$1(TestNGCucumberRunner.java:132)
at io.cucumber.core.runtime.CucumberExecutionContext.lambda$runTestCase$3(CucumberExecutionContext.java:151)
at io.cucumber.core.runtime.RethrowingThrowableCollector.executeAndThrow(RethrowingThrowableCollector.java:23)
at io.cucumber.core.runtime.CucumberExecutionContext.runTestCase(CucumberExecutionContext.java:151)
at io.cucumber.testng.TestNGCucumberRunner.runScenario(TestNGCucumberRunner.java:129)
at io.cucumber.testng.AbstractTestNGCucumberTests.runScenario(AbstractTestNGCucumberTests.java:35)
at java.base/java.util.ArrayList.forEach(ArrayList.java:1511)
... Removed 25 stack frames]]>
    </failure>
  </testcase> <!-- runScenario -->
  <testcase classname="io.cucumber.testng.AbstractTestNGCucumberTests" name="runScenario" time="0.048">
    <failure type="io.cucumber.core.runner.DuplicateStepDefinitionException" message="Duplicate step definitions in StepDefinition_LMS.Assignment_StepDefinition.admin_should_see_disabled_delete_icon_below_the(java.lang.String) and StepDefinition_LMS.Attendance_StepDefinition.admin_should_see_disabled_delete_icon_below_the(java.lang.String)">
      <![CDATA[io.cucumber.core.runner.DuplicateStepDefinitionException: Duplicate step definitions in StepDefinition_LMS.Assignment_StepDefinition.admin_should_see_disabled_delete_icon_below_the(java.lang.String) and StepDefinition_LMS.Attendance_StepDefinition.admin_should_see_disabled_delete_icon_below_the(java.lang.String)
at io.cucumber.core.runner.CachingGlue.lambda$prepareGlue$3(CachingGlue.java:277)
at java.base/java.util.ArrayList.forEach(ArrayList.java:1511)
at io.cucumber.core.runner.CachingGlue.prepareGlue(CachingGlue.java:271)
at io.cucumber.core.runner.Runner.runPickle(Runner.java:72)
at io.cucumber.testng.TestNGCucumberRunner.lambda$runScenario$1(TestNGCucumberRunner.java:132)
at io.cucumber.core.runtime.CucumberExecutionContext.lambda$runTestCase$3(CucumberExecutionContext.java:151)
at io.cucumber.core.runtime.RethrowingThrowableCollector.executeAndThrow(RethrowingThrowableCollector.java:23)
at io.cucumber.core.runtime.CucumberExecutionContext.runTestCase(CucumberExecutionContext.java:151)
at io.cucumber.testng.TestNGCucumberRunner.runScenario(TestNGCucumberRunner.java:129)
at io.cucumber.testng.AbstractTestNGCucumberTests.runScenario(AbstractTestNGCucumberTests.java:35)
at java.base/java.util.ArrayList.forEach(ArrayList.java:1511)
... Removed 25 stack frames]]>
    </failure>
  </testcase> <!-- runScenario -->
  <testcase classname="io.cucumber.testng.AbstractTestNGCucumberTests" name="runScenario" time="0.046">
    <failure type="io.cucumber.core.runner.DuplicateStepDefinitionException" message="Duplicate step definitions in StepDefinition_LMS.Assignment_StepDefinition.admin_should_see_disabled_delete_icon_below_the(java.lang.String) and StepDefinition_LMS.Attendance_StepDefinition.admin_should_see_disabled_delete_icon_below_the(java.lang.String)">
      <![CDATA[io.cucumber.core.runner.DuplicateStepDefinitionException: Duplicate step definitions in StepDefinition_LMS.Assignment_StepDefinition.admin_should_see_disabled_delete_icon_below_the(java.lang.String) and StepDefinition_LMS.Attendance_StepDefinition.admin_should_see_disabled_delete_icon_below_the(java.lang.String)
at io.cucumber.core.runner.CachingGlue.lambda$prepareGlue$3(CachingGlue.java:277)
at java.base/java.util.ArrayList.forEach(ArrayList.java:1511)
at io.cucumber.core.runner.CachingGlue.prepareGlue(CachingGlue.java:271)
at io.cucumber.core.runner.Runner.runPickle(Runner.java:72)
at io.cucumber.testng.TestNGCucumberRunner.lambda$runScenario$1(TestNGCucumberRunner.java:132)
at io.cucumber.core.runtime.CucumberExecutionContext.lambda$runTestCase$3(CucumberExecutionContext.java:151)
at io.cucumber.core.runtime.RethrowingThrowableCollector.executeAndThrow(RethrowingThrowableCollector.java:23)
at io.cucumber.core.runtime.CucumberExecutionContext.runTestCase(CucumberExecutionContext.java:151)
at io.cucumber.testng.TestNGCucumberRunner.runScenario(TestNGCucumberRunner.java:129)
at io.cucumber.testng.AbstractTestNGCucumberTests.runScenario(AbstractTestNGCucumberTests.java:35)
at java.base/java.util.ArrayList.forEach(ArrayList.java:1511)
... Removed 25 stack frames]]>
    </failure>
  </testcase> <!-- runScenario -->
  <testcase classname="io.cucumber.testng.AbstractTestNGCucumberTests" name="runScenario" time="0.139">
    <failure type="io.cucumber.core.runner.DuplicateStepDefinitionException" message="Duplicate step definitions in StepDefinition_LMS.Assignment_StepDefinition.admin_should_see_disabled_delete_icon_below_the(java.lang.String) and StepDefinition_LMS.Attendance_StepDefinition.admin_should_see_disabled_delete_icon_below_the(java.lang.String)">
      <![CDATA[io.cucumber.core.runner.DuplicateStepDefinitionException: Duplicate step definitions in StepDefinition_LMS.Assignment_StepDefinition.admin_should_see_disabled_delete_icon_below_the(java.lang.String) and StepDefinition_LMS.Attendance_StepDefinition.admin_should_see_disabled_delete_icon_below_the(java.lang.String)
at io.cucumber.core.runner.CachingGlue.lambda$prepareGlue$3(CachingGlue.java:277)
at java.base/java.util.ArrayList.forEach(ArrayList.java:1511)
at io.cucumber.core.runner.CachingGlue.prepareGlue(CachingGlue.java:271)
at io.cucumber.core.runner.Runner.runPickle(Runner.java:72)
at io.cucumber.testng.TestNGCucumberRunner.lambda$runScenario$1(TestNGCucumberRunner.java:132)
at io.cucumber.core.runtime.CucumberExecutionContext.lambda$runTestCase$3(CucumberExecutionContext.java:151)
at io.cucumber.core.runtime.RethrowingThrowableCollector.executeAndThrow(RethrowingThrowableCollector.java:23)
at io.cucumber.core.runtime.CucumberExecutionContext.runTestCase(CucumberExecutionContext.java:151)
at io.cucumber.testng.TestNGCucumberRunner.runScenario(TestNGCucumberRunner.java:129)
at io.cucumber.testng.AbstractTestNGCucumberTests.runScenario(AbstractTestNGCucumberTests.java:35)
at java.base/java.util.ArrayList.forEach(ArrayList.java:1511)
... Removed 25 stack frames]]>
    </failure>
  </testcase> <!-- runScenario -->
  <testcase classname="io.cucumber.testng.AbstractTestNGCucumberTests" name="runScenario" time="0.057">
    <failure type="io.cucumber.core.runner.DuplicateStepDefinitionException" message="Duplicate step definitions in StepDefinition_LMS.Assignment_StepDefinition.admin_should_see_disabled_delete_icon_below_the(java.lang.String) and StepDefinition_LMS.Attendance_StepDefinition.admin_should_see_disabled_delete_icon_below_the(java.lang.String)">
      <![CDATA[io.cucumber.core.runner.DuplicateStepDefinitionException: Duplicate step definitions in StepDefinition_LMS.Assignment_StepDefinition.admin_should_see_disabled_delete_icon_below_the(java.lang.String) and StepDefinition_LMS.Attendance_StepDefinition.admin_should_see_disabled_delete_icon_below_the(java.lang.String)
at io.cucumber.core.runner.CachingGlue.lambda$prepareGlue$3(CachingGlue.java:277)
at java.base/java.util.ArrayList.forEach(ArrayList.java:1511)
at io.cucumber.core.runner.CachingGlue.prepareGlue(CachingGlue.java:271)
at io.cucumber.core.runner.Runner.runPickle(Runner.java:72)
at io.cucumber.testng.TestNGCucumberRunner.lambda$runScenario$1(TestNGCucumberRunner.java:132)
at io.cucumber.core.runtime.CucumberExecutionContext.lambda$runTestCase$3(CucumberExecutionContext.java:151)
at io.cucumber.core.runtime.RethrowingThrowableCollector.executeAndThrow(RethrowingThrowableCollector.java:23)
at io.cucumber.core.runtime.CucumberExecutionContext.runTestCase(CucumberExecutionContext.java:151)
at io.cucumber.testng.TestNGCucumberRunner.runScenario(TestNGCucumberRunner.java:129)
at io.cucumber.testng.AbstractTestNGCucumberTests.runScenario(AbstractTestNGCucumberTests.java:35)
at java.base/java.util.ArrayList.forEach(ArrayList.java:1511)
... Removed 25 stack frames]]>
    </failure>
  </testcase> <!-- runScenario -->
  <testcase classname="io.cucumber.testng.AbstractTestNGCucumberTests" name="runScenario" time="0.085">
    <failure type="io.cucumber.core.runner.DuplicateStepDefinitionException" message="Duplicate step definitions in StepDefinition_LMS.Assignment_StepDefinition.admin_should_see_disabled_delete_icon_below_the(java.lang.String) and StepDefinition_LMS.Attendance_StepDefinition.admin_should_see_disabled_delete_icon_below_the(java.lang.String)">
      <![CDATA[io.cucumber.core.runner.DuplicateStepDefinitionException: Duplicate step definitions in StepDefinition_LMS.Assignment_StepDefinition.admin_should_see_disabled_delete_icon_below_the(java.lang.String) and StepDefinition_LMS.Attendance_StepDefinition.admin_should_see_disabled_delete_icon_below_the(java.lang.String)
at io.cucumber.core.runner.CachingGlue.lambda$prepareGlue$3(CachingGlue.java:277)
at java.base/java.util.ArrayList.forEach(ArrayList.java:1511)
at io.cucumber.core.runner.CachingGlue.prepareGlue(CachingGlue.java:271)
at io.cucumber.core.runner.Runner.runPickle(Runner.java:72)
at io.cucumber.testng.TestNGCucumberRunner.lambda$runScenario$1(TestNGCucumberRunner.java:132)
at io.cucumber.core.runtime.CucumberExecutionContext.lambda$runTestCase$3(CucumberExecutionContext.java:151)
at io.cucumber.core.runtime.RethrowingThrowableCollector.executeAndThrow(RethrowingThrowableCollector.java:23)
at io.cucumber.core.runtime.CucumberExecutionContext.runTestCase(CucumberExecutionContext.java:151)
at io.cucumber.testng.TestNGCucumberRunner.runScenario(TestNGCucumberRunner.java:129)
at io.cucumber.testng.AbstractTestNGCucumberTests.runScenario(AbstractTestNGCucumberTests.java:35)
at java.base/java.util.ArrayList.forEach(ArrayList.java:1511)
... Removed 25 stack frames]]>
    </failure>
  </testcase> <!-- runScenario -->
  <testcase classname="io.cucumber.testng.AbstractTestNGCucumberTests" name="runScenario" time="0.068">
    <failure type="io.cucumber.core.runner.DuplicateStepDefinitionException" message="Duplicate step definitions in StepDefinition_LMS.Assignment_StepDefinition.admin_should_see_disabled_delete_icon_below_the(java.lang.String) and StepDefinition_LMS.Attendance_StepDefinition.admin_should_see_disabled_delete_icon_below_the(java.lang.String)">
      <![CDATA[io.cucumber.core.runner.DuplicateStepDefinitionException: Duplicate step definitions in StepDefinition_LMS.Assignment_StepDefinition.admin_should_see_disabled_delete_icon_below_the(java.lang.String) and StepDefinition_LMS.Attendance_StepDefinition.admin_should_see_disabled_delete_icon_below_the(java.lang.String)
at io.cucumber.core.runner.CachingGlue.lambda$prepareGlue$3(CachingGlue.java:277)
at java.base/java.util.ArrayList.forEach(ArrayList.java:1511)
at io.cucumber.core.runner.CachingGlue.prepareGlue(CachingGlue.java:271)
at io.cucumber.core.runner.Runner.runPickle(Runner.java:72)
at io.cucumber.testng.TestNGCucumberRunner.lambda$runScenario$1(TestNGCucumberRunner.java:132)
at io.cucumber.core.runtime.CucumberExecutionContext.lambda$runTestCase$3(CucumberExecutionContext.java:151)
at io.cucumber.core.runtime.RethrowingThrowableCollector.executeAndThrow(RethrowingThrowableCollector.java:23)
at io.cucumber.core.runtime.CucumberExecutionContext.runTestCase(CucumberExecutionContext.java:151)
at io.cucumber.testng.TestNGCucumberRunner.runScenario(TestNGCucumberRunner.java:129)
at io.cucumber.testng.AbstractTestNGCucumberTests.runScenario(AbstractTestNGCucumberTests.java:35)
at java.base/java.util.ArrayList.forEach(ArrayList.java:1511)
... Removed 25 stack frames]]>
    </failure>
  </testcase> <!-- runScenario -->
  <testcase classname="io.cucumber.testng.AbstractTestNGCucumberTests" name="runScenario" time="0.063">
    <failure type="io.cucumber.core.runner.DuplicateStepDefinitionException" message="Duplicate step definitions in StepDefinition_LMS.Assignment_StepDefinition.admin_should_see_disabled_delete_icon_below_the(java.lang.String) and StepDefinition_LMS.Attendance_StepDefinition.admin_should_see_disabled_delete_icon_below_the(java.lang.String)">
      <![CDATA[io.cucumber.core.runner.DuplicateStepDefinitionException: Duplicate step definitions in StepDefinition_LMS.Assignment_StepDefinition.admin_should_see_disabled_delete_icon_below_the(java.lang.String) and StepDefinition_LMS.Attendance_StepDefinition.admin_should_see_disabled_delete_icon_below_the(java.lang.String)
at io.cucumber.core.runner.CachingGlue.lambda$prepareGlue$3(CachingGlue.java:277)
at java.base/java.util.ArrayList.forEach(ArrayList.java:1511)
at io.cucumber.core.runner.CachingGlue.prepareGlue(CachingGlue.java:271)
at io.cucumber.core.runner.Runner.runPickle(Runner.java:72)
at io.cucumber.testng.TestNGCucumberRunner.lambda$runScenario$1(TestNGCucumberRunner.java:132)
at io.cucumber.core.runtime.CucumberExecutionContext.lambda$runTestCase$3(CucumberExecutionContext.java:151)
at io.cucumber.core.runtime.RethrowingThrowableCollector.executeAndThrow(RethrowingThrowableCollector.java:23)
at io.cucumber.core.runtime.CucumberExecutionContext.runTestCase(CucumberExecutionContext.java:151)
at io.cucumber.testng.TestNGCucumberRunner.runScenario(TestNGCucumberRunner.java:129)
at io.cucumber.testng.AbstractTestNGCucumberTests.runScenario(AbstractTestNGCucumberTests.java:35)
at java.base/java.util.ArrayList.forEach(ArrayList.java:1511)
... Removed 25 stack frames]]>
    </failure>
  </testcase> <!-- runScenario -->
  <testcase classname="io.cucumber.testng.AbstractTestNGCucumberTests" name="runScenario" time="0.047">
    <failure type="io.cucumber.core.runner.DuplicateStepDefinitionException" message="Duplicate step definitions in StepDefinition_LMS.Assignment_StepDefinition.admin_should_see_disabled_delete_icon_below_the(java.lang.String) and StepDefinition_LMS.Attendance_StepDefinition.admin_should_see_disabled_delete_icon_below_the(java.lang.String)">
      <![CDATA[io.cucumber.core.runner.DuplicateStepDefinitionException: Duplicate step definitions in StepDefinition_LMS.Assignment_StepDefinition.admin_should_see_disabled_delete_icon_below_the(java.lang.String) and StepDefinition_LMS.Attendance_StepDefinition.admin_should_see_disabled_delete_icon_below_the(java.lang.String)
at io.cucumber.core.runner.CachingGlue.lambda$prepareGlue$3(CachingGlue.java:277)
at java.base/java.util.ArrayList.forEach(ArrayList.java:1511)
at io.cucumber.core.runner.CachingGlue.prepareGlue(CachingGlue.java:271)
at io.cucumber.core.runner.Runner.runPickle(Runner.java:72)
at io.cucumber.testng.TestNGCucumberRunner.lambda$runScenario$1(TestNGCucumberRunner.java:132)
at io.cucumber.core.runtime.CucumberExecutionContext.lambda$runTestCase$3(CucumberExecutionContext.java:151)
at io.cucumber.core.runtime.RethrowingThrowableCollector.executeAndThrow(RethrowingThrowableCollector.java:23)
at io.cucumber.core.runtime.CucumberExecutionContext.runTestCase(CucumberExecutionContext.java:151)
at io.cucumber.testng.TestNGCucumberRunner.runScenario(TestNGCucumberRunner.java:129)
at io.cucumber.testng.AbstractTestNGCucumberTests.runScenario(AbstractTestNGCucumberTests.java:35)
at java.base/java.util.ArrayList.forEach(ArrayList.java:1511)
... Removed 25 stack frames]]>
    </failure>
  </testcase> <!-- runScenario -->
  <testcase classname="io.cucumber.testng.AbstractTestNGCucumberTests" name="runScenario" time="0.051">
    <failure type="io.cucumber.core.runner.DuplicateStepDefinitionException" message="Duplicate step definitions in StepDefinition_LMS.Assignment_StepDefinition.admin_should_see_disabled_delete_icon_below_the(java.lang.String) and StepDefinition_LMS.Attendance_StepDefinition.admin_should_see_disabled_delete_icon_below_the(java.lang.String)">
      <![CDATA[io.cucumber.core.runner.DuplicateStepDefinitionException: Duplicate step definitions in StepDefinition_LMS.Assignment_StepDefinition.admin_should_see_disabled_delete_icon_below_the(java.lang.String) and StepDefinition_LMS.Attendance_StepDefinition.admin_should_see_disabled_delete_icon_below_the(java.lang.String)
at io.cucumber.core.runner.CachingGlue.lambda$prepareGlue$3(CachingGlue.java:277)
at java.base/java.util.ArrayList.forEach(ArrayList.java:1511)
at io.cucumber.core.runner.CachingGlue.prepareGlue(CachingGlue.java:271)
at io.cucumber.core.runner.Runner.runPickle(Runner.java:72)
at io.cucumber.testng.TestNGCucumberRunner.lambda$runScenario$1(TestNGCucumberRunner.java:132)
at io.cucumber.core.runtime.CucumberExecutionContext.lambda$runTestCase$3(CucumberExecutionContext.java:151)
at io.cucumber.core.runtime.RethrowingThrowableCollector.executeAndThrow(RethrowingThrowableCollector.java:23)
at io.cucumber.core.runtime.CucumberExecutionContext.runTestCase(CucumberExecutionContext.java:151)
at io.cucumber.testng.TestNGCucumberRunner.runScenario(TestNGCucumberRunner.java:129)
at io.cucumber.testng.AbstractTestNGCucumberTests.runScenario(AbstractTestNGCucumberTests.java:35)
at java.base/java.util.ArrayList.forEach(ArrayList.java:1511)
... Removed 25 stack frames]]>
    </failure>
  </testcase> <!-- runScenario -->
  <testcase classname="io.cucumber.testng.AbstractTestNGCucumberTests" name="runScenario" time="0.039">
    <failure type="io.cucumber.core.runner.DuplicateStepDefinitionException" message="Duplicate step definitions in StepDefinition_LMS.Assignment_StepDefinition.admin_should_see_disabled_delete_icon_below_the(java.lang.String) and StepDefinition_LMS.Attendance_StepDefinition.admin_should_see_disabled_delete_icon_below_the(java.lang.String)">
      <![CDATA[io.cucumber.core.runner.DuplicateStepDefinitionException: Duplicate step definitions in StepDefinition_LMS.Assignment_StepDefinition.admin_should_see_disabled_delete_icon_below_the(java.lang.String) and StepDefinition_LMS.Attendance_StepDefinition.admin_should_see_disabled_delete_icon_below_the(java.lang.String)
at io.cucumber.core.runner.CachingGlue.lambda$prepareGlue$3(CachingGlue.java:277)
at java.base/java.util.ArrayList.forEach(ArrayList.java:1511)
at io.cucumber.core.runner.CachingGlue.prepareGlue(CachingGlue.java:271)
at io.cucumber.core.runner.Runner.runPickle(Runner.java:72)
at io.cucumber.testng.TestNGCucumberRunner.lambda$runScenario$1(TestNGCucumberRunner.java:132)
at io.cucumber.core.runtime.CucumberExecutionContext.lambda$runTestCase$3(CucumberExecutionContext.java:151)
at io.cucumber.core.runtime.RethrowingThrowableCollector.executeAndThrow(RethrowingThrowableCollector.java:23)
at io.cucumber.core.runtime.CucumberExecutionContext.runTestCase(CucumberExecutionContext.java:151)
at io.cucumber.testng.TestNGCucumberRunner.runScenario(TestNGCucumberRunner.java:129)
at io.cucumber.testng.AbstractTestNGCucumberTests.runScenario(AbstractTestNGCucumberTests.java:35)
at java.base/java.util.ArrayList.forEach(ArrayList.java:1511)
... Removed 25 stack frames]]>
    </failure>
  </testcase> <!-- runScenario -->
  <testcase classname="io.cucumber.testng.AbstractTestNGCucumberTests" name="runScenario" time="0.043">
    <failure type="io.cucumber.core.runner.DuplicateStepDefinitionException" message="Duplicate step definitions in StepDefinition_LMS.Assignment_StepDefinition.admin_should_see_disabled_delete_icon_below_the(java.lang.String) and StepDefinition_LMS.Attendance_StepDefinition.admin_should_see_disabled_delete_icon_below_the(java.lang.String)">
      <![CDATA[io.cucumber.core.runner.DuplicateStepDefinitionException: Duplicate step definitions in StepDefinition_LMS.Assignment_StepDefinition.admin_should_see_disabled_delete_icon_below_the(java.lang.String) and StepDefinition_LMS.Attendance_StepDefinition.admin_should_see_disabled_delete_icon_below_the(java.lang.String)
at io.cucumber.core.runner.CachingGlue.lambda$prepareGlue$3(CachingGlue.java:277)
at java.base/java.util.ArrayList.forEach(ArrayList.java:1511)
at io.cucumber.core.runner.CachingGlue.prepareGlue(CachingGlue.java:271)
at io.cucumber.core.runner.Runner.runPickle(Runner.java:72)
at io.cucumber.testng.TestNGCucumberRunner.lambda$runScenario$1(TestNGCucumberRunner.java:132)
at io.cucumber.core.runtime.CucumberExecutionContext.lambda$runTestCase$3(CucumberExecutionContext.java:151)
at io.cucumber.core.runtime.RethrowingThrowableCollector.executeAndThrow(RethrowingThrowableCollector.java:23)
at io.cucumber.core.runtime.CucumberExecutionContext.runTestCase(CucumberExecutionContext.java:151)
at io.cucumber.testng.TestNGCucumberRunner.runScenario(TestNGCucumberRunner.java:129)
at io.cucumber.testng.AbstractTestNGCucumberTests.runScenario(AbstractTestNGCucumberTests.java:35)
at java.base/java.util.ArrayList.forEach(ArrayList.java:1511)
... Removed 25 stack frames]]>
    </failure>
  </testcase> <!-- runScenario -->
  <testcase classname="io.cucumber.testng.AbstractTestNGCucumberTests" name="runScenario" time="0.043">
    <failure type="io.cucumber.core.runner.DuplicateStepDefinitionException" message="Duplicate step definitions in StepDefinition_LMS.Assignment_StepDefinition.admin_should_see_disabled_delete_icon_below_the(java.lang.String) and StepDefinition_LMS.Attendance_StepDefinition.admin_should_see_disabled_delete_icon_below_the(java.lang.String)">
      <![CDATA[io.cucumber.core.runner.DuplicateStepDefinitionException: Duplicate step definitions in StepDefinition_LMS.Assignment_StepDefinition.admin_should_see_disabled_delete_icon_below_the(java.lang.String) and StepDefinition_LMS.Attendance_StepDefinition.admin_should_see_disabled_delete_icon_below_the(java.lang.String)
at io.cucumber.core.runner.CachingGlue.lambda$prepareGlue$3(CachingGlue.java:277)
at java.base/java.util.ArrayList.forEach(ArrayList.java:1511)
at io.cucumber.core.runner.CachingGlue.prepareGlue(CachingGlue.java:271)
at io.cucumber.core.runner.Runner.runPickle(Runner.java:72)
at io.cucumber.testng.TestNGCucumberRunner.lambda$runScenario$1(TestNGCucumberRunner.java:132)
at io.cucumber.core.runtime.CucumberExecutionContext.lambda$runTestCase$3(CucumberExecutionContext.java:151)
at io.cucumber.core.runtime.RethrowingThrowableCollector.executeAndThrow(RethrowingThrowableCollector.java:23)
at io.cucumber.core.runtime.CucumberExecutionContext.runTestCase(CucumberExecutionContext.java:151)
at io.cucumber.testng.TestNGCucumberRunner.runScenario(TestNGCucumberRunner.java:129)
at io.cucumber.testng.AbstractTestNGCucumberTests.runScenario(AbstractTestNGCucumberTests.java:35)
at java.base/java.util.ArrayList.forEach(ArrayList.java:1511)
... Removed 25 stack frames]]>
    </failure>
  </testcase> <!-- runScenario -->
  <testcase classname="io.cucumber.testng.AbstractTestNGCucumberTests" name="runScenario" time="0.055">
    <failure type="io.cucumber.core.runner.DuplicateStepDefinitionException" message="Duplicate step definitions in StepDefinition_LMS.Assignment_StepDefinition.admin_should_see_disabled_delete_icon_below_the(java.lang.String) and StepDefinition_LMS.Attendance_StepDefinition.admin_should_see_disabled_delete_icon_below_the(java.lang.String)">
      <![CDATA[io.cucumber.core.runner.DuplicateStepDefinitionException: Duplicate step definitions in StepDefinition_LMS.Assignment_StepDefinition.admin_should_see_disabled_delete_icon_below_the(java.lang.String) and StepDefinition_LMS.Attendance_StepDefinition.admin_should_see_disabled_delete_icon_below_the(java.lang.String)
at io.cucumber.core.runner.CachingGlue.lambda$prepareGlue$3(CachingGlue.java:277)
at java.base/java.util.ArrayList.forEach(ArrayList.java:1511)
at io.cucumber.core.runner.CachingGlue.prepareGlue(CachingGlue.java:271)
at io.cucumber.core.runner.Runner.runPickle(Runner.java:72)
at io.cucumber.testng.TestNGCucumberRunner.lambda$runScenario$1(TestNGCucumberRunner.java:132)
at io.cucumber.core.runtime.CucumberExecutionContext.lambda$runTestCase$3(CucumberExecutionContext.java:151)
at io.cucumber.core.runtime.RethrowingThrowableCollector.executeAndThrow(RethrowingThrowableCollector.java:23)
at io.cucumber.core.runtime.CucumberExecutionContext.runTestCase(CucumberExecutionContext.java:151)
at io.cucumber.testng.TestNGCucumberRunner.runScenario(TestNGCucumberRunner.java:129)
at io.cucumber.testng.AbstractTestNGCucumberTests.runScenario(AbstractTestNGCucumberTests.java:35)
at java.base/java.util.ArrayList.forEach(ArrayList.java:1511)
... Removed 25 stack frames]]>
    </failure>
  </testcase> <!-- runScenario -->
  <testcase classname="io.cucumber.testng.AbstractTestNGCucumberTests" name="runScenario" time="0.041">
    <failure type="io.cucumber.core.runner.DuplicateStepDefinitionException" message="Duplicate step definitions in StepDefinition_LMS.Assignment_StepDefinition.admin_should_see_disabled_delete_icon_below_the(java.lang.String) and StepDefinition_LMS.Attendance_StepDefinition.admin_should_see_disabled_delete_icon_below_the(java.lang.String)">
      <![CDATA[io.cucumber.core.runner.DuplicateStepDefinitionException: Duplicate step definitions in StepDefinition_LMS.Assignment_StepDefinition.admin_should_see_disabled_delete_icon_below_the(java.lang.String) and StepDefinition_LMS.Attendance_StepDefinition.admin_should_see_disabled_delete_icon_below_the(java.lang.String)
at io.cucumber.core.runner.CachingGlue.lambda$prepareGlue$3(CachingGlue.java:277)
at java.base/java.util.ArrayList.forEach(ArrayList.java:1511)
at io.cucumber.core.runner.CachingGlue.prepareGlue(CachingGlue.java:271)
at io.cucumber.core.runner.Runner.runPickle(Runner.java:72)
at io.cucumber.testng.TestNGCucumberRunner.lambda$runScenario$1(TestNGCucumberRunner.java:132)
at io.cucumber.core.runtime.CucumberExecutionContext.lambda$runTestCase$3(CucumberExecutionContext.java:151)
at io.cucumber.core.runtime.RethrowingThrowableCollector.executeAndThrow(RethrowingThrowableCollector.java:23)
at io.cucumber.core.runtime.CucumberExecutionContext.runTestCase(CucumberExecutionContext.java:151)
at io.cucumber.testng.TestNGCucumberRunner.runScenario(TestNGCucumberRunner.java:129)
at io.cucumber.testng.AbstractTestNGCucumberTests.runScenario(AbstractTestNGCucumberTests.java:35)
at java.base/java.util.ArrayList.forEach(ArrayList.java:1511)
... Removed 25 stack frames]]>
    </failure>
  </testcase> <!-- runScenario -->
  <testcase classname="io.cucumber.testng.AbstractTestNGCucumberTests" name="runScenario" time="0.045">
    <failure type="io.cucumber.core.runner.DuplicateStepDefinitionException" message="Duplicate step definitions in StepDefinition_LMS.Assignment_StepDefinition.admin_should_see_disabled_delete_icon_below_the(java.lang.String) and StepDefinition_LMS.Attendance_StepDefinition.admin_should_see_disabled_delete_icon_below_the(java.lang.String)">
      <![CDATA[io.cucumber.core.runner.DuplicateStepDefinitionException: Duplicate step definitions in StepDefinition_LMS.Assignment_StepDefinition.admin_should_see_disabled_delete_icon_below_the(java.lang.String) and StepDefinition_LMS.Attendance_StepDefinition.admin_should_see_disabled_delete_icon_below_the(java.lang.String)
at io.cucumber.core.runner.CachingGlue.lambda$prepareGlue$3(CachingGlue.java:277)
at java.base/java.util.ArrayList.forEach(ArrayList.java:1511)
at io.cucumber.core.runner.CachingGlue.prepareGlue(CachingGlue.java:271)
at io.cucumber.core.runner.Runner.runPickle(Runner.java:72)
at io.cucumber.testng.TestNGCucumberRunner.lambda$runScenario$1(TestNGCucumberRunner.java:132)
at io.cucumber.core.runtime.CucumberExecutionContext.lambda$runTestCase$3(CucumberExecutionContext.java:151)
at io.cucumber.core.runtime.RethrowingThrowableCollector.executeAndThrow(RethrowingThrowableCollector.java:23)
at io.cucumber.core.runtime.CucumberExecutionContext.runTestCase(CucumberExecutionContext.java:151)
at io.cucumber.testng.TestNGCucumberRunner.runScenario(TestNGCucumberRunner.java:129)
at io.cucumber.testng.AbstractTestNGCucumberTests.runScenario(AbstractTestNGCucumberTests.java:35)
at java.base/java.util.ArrayList.forEach(ArrayList.java:1511)
... Removed 25 stack frames]]>
    </failure>
  </testcase> <!-- runScenario -->
  <testcase classname="io.cucumber.testng.AbstractTestNGCucumberTests" name="runScenario" time="0.067">
    <failure type="io.cucumber.core.runner.DuplicateStepDefinitionException" message="Duplicate step definitions in StepDefinition_LMS.Assignment_StepDefinition.admin_should_see_disabled_delete_icon_below_the(java.lang.String) and StepDefinition_LMS.Attendance_StepDefinition.admin_should_see_disabled_delete_icon_below_the(java.lang.String)">
      <![CDATA[io.cucumber.core.runner.DuplicateStepDefinitionException: Duplicate step definitions in StepDefinition_LMS.Assignment_StepDefinition.admin_should_see_disabled_delete_icon_below_the(java.lang.String) and StepDefinition_LMS.Attendance_StepDefinition.admin_should_see_disabled_delete_icon_below_the(java.lang.String)
at io.cucumber.core.runner.CachingGlue.lambda$prepareGlue$3(CachingGlue.java:277)
at java.base/java.util.ArrayList.forEach(ArrayList.java:1511)
at io.cucumber.core.runner.CachingGlue.prepareGlue(CachingGlue.java:271)
at io.cucumber.core.runner.Runner.runPickle(Runner.java:72)
at io.cucumber.testng.TestNGCucumberRunner.lambda$runScenario$1(TestNGCucumberRunner.java:132)
at io.cucumber.core.runtime.CucumberExecutionContext.lambda$runTestCase$3(CucumberExecutionContext.java:151)
at io.cucumber.core.runtime.RethrowingThrowableCollector.executeAndThrow(RethrowingThrowableCollector.java:23)
at io.cucumber.core.runtime.CucumberExecutionContext.runTestCase(CucumberExecutionContext.java:151)
at io.cucumber.testng.TestNGCucumberRunner.runScenario(TestNGCucumberRunner.java:129)
at io.cucumber.testng.AbstractTestNGCucumberTests.runScenario(AbstractTestNGCucumberTests.java:35)
at java.base/java.util.ArrayList.forEach(ArrayList.java:1511)
... Removed 25 stack frames]]>
    </failure>
  </testcase> <!-- runScenario -->
  <testcase classname="io.cucumber.testng.AbstractTestNGCucumberTests" name="runScenario" time="0.047">
    <failure type="io.cucumber.core.runner.DuplicateStepDefinitionException" message="Duplicate step definitions in StepDefinition_LMS.Assignment_StepDefinition.admin_should_see_disabled_delete_icon_below_the(java.lang.String) and StepDefinition_LMS.Attendance_StepDefinition.admin_should_see_disabled_delete_icon_below_the(java.lang.String)">
      <![CDATA[io.cucumber.core.runner.DuplicateStepDefinitionException: Duplicate step definitions in StepDefinition_LMS.Assignment_StepDefinition.admin_should_see_disabled_delete_icon_below_the(java.lang.String) and StepDefinition_LMS.Attendance_StepDefinition.admin_should_see_disabled_delete_icon_below_the(java.lang.String)
at io.cucumber.core.runner.CachingGlue.lambda$prepareGlue$3(CachingGlue.java:277)
at java.base/java.util.ArrayList.forEach(ArrayList.java:1511)
at io.cucumber.core.runner.CachingGlue.prepareGlue(CachingGlue.java:271)
at io.cucumber.core.runner.Runner.runPickle(Runner.java:72)
at io.cucumber.testng.TestNGCucumberRunner.lambda$runScenario$1(TestNGCucumberRunner.java:132)
at io.cucumber.core.runtime.CucumberExecutionContext.lambda$runTestCase$3(CucumberExecutionContext.java:151)
at io.cucumber.core.runtime.RethrowingThrowableCollector.executeAndThrow(RethrowingThrowableCollector.java:23)
at io.cucumber.core.runtime.CucumberExecutionContext.runTestCase(CucumberExecutionContext.java:151)
at io.cucumber.testng.TestNGCucumberRunner.runScenario(TestNGCucumberRunner.java:129)
at io.cucumber.testng.AbstractTestNGCucumberTests.runScenario(AbstractTestNGCucumberTests.java:35)
at java.base/java.util.ArrayList.forEach(ArrayList.java:1511)
... Removed 25 stack frames]]>
    </failure>
  </testcase> <!-- runScenario -->
  <testcase classname="io.cucumber.testng.AbstractTestNGCucumberTests" name="runScenario" time="0.044">
    <failure type="io.cucumber.core.runner.DuplicateStepDefinitionException" message="Duplicate step definitions in StepDefinition_LMS.Assignment_StepDefinition.admin_should_see_disabled_delete_icon_below_the(java.lang.String) and StepDefinition_LMS.Attendance_StepDefinition.admin_should_see_disabled_delete_icon_below_the(java.lang.String)">
      <![CDATA[io.cucumber.core.runner.DuplicateStepDefinitionException: Duplicate step definitions in StepDefinition_LMS.Assignment_StepDefinition.admin_should_see_disabled_delete_icon_below_the(java.lang.String) and StepDefinition_LMS.Attendance_StepDefinition.admin_should_see_disabled_delete_icon_below_the(java.lang.String)
at io.cucumber.core.runner.CachingGlue.lambda$prepareGlue$3(CachingGlue.java:277)
at java.base/java.util.ArrayList.forEach(ArrayList.java:1511)
at io.cucumber.core.runner.CachingGlue.prepareGlue(CachingGlue.java:271)
at io.cucumber.core.runner.Runner.runPickle(Runner.java:72)
at io.cucumber.testng.TestNGCucumberRunner.lambda$runScenario$1(TestNGCucumberRunner.java:132)
at io.cucumber.core.runtime.CucumberExecutionContext.lambda$runTestCase$3(CucumberExecutionContext.java:151)
at io.cucumber.core.runtime.RethrowingThrowableCollector.executeAndThrow(RethrowingThrowableCollector.java:23)
at io.cucumber.core.runtime.CucumberExecutionContext.runTestCase(CucumberExecutionContext.java:151)
at io.cucumber.testng.TestNGCucumberRunner.runScenario(TestNGCucumberRunner.java:129)
at io.cucumber.testng.AbstractTestNGCucumberTests.runScenario(AbstractTestNGCucumberTests.java:35)
at java.base/java.util.ArrayList.forEach(ArrayList.java:1511)
... Removed 25 stack frames]]>
    </failure>
  </testcase> <!-- runScenario -->
  <testcase classname="io.cucumber.testng.AbstractTestNGCucumberTests" name="runScenario" time="0.156">
    <failure type="io.cucumber.core.runner.DuplicateStepDefinitionException" message="Duplicate step definitions in StepDefinition_LMS.Assignment_StepDefinition.admin_should_see_disabled_delete_icon_below_the(java.lang.String) and StepDefinition_LMS.Attendance_StepDefinition.admin_should_see_disabled_delete_icon_below_the(java.lang.String)">
      <![CDATA[io.cucumber.core.runner.DuplicateStepDefinitionException: Duplicate step definitions in StepDefinition_LMS.Assignment_StepDefinition.admin_should_see_disabled_delete_icon_below_the(java.lang.String) and StepDefinition_LMS.Attendance_StepDefinition.admin_should_see_disabled_delete_icon_below_the(java.lang.String)
at io.cucumber.core.runner.CachingGlue.lambda$prepareGlue$3(CachingGlue.java:277)
at java.base/java.util.ArrayList.forEach(ArrayList.java:1511)
at io.cucumber.core.runner.CachingGlue.prepareGlue(CachingGlue.java:271)
at io.cucumber.core.runner.Runner.runPickle(Runner.java:72)
at io.cucumber.testng.TestNGCucumberRunner.lambda$runScenario$1(TestNGCucumberRunner.java:132)
at io.cucumber.core.runtime.CucumberExecutionContext.lambda$runTestCase$3(CucumberExecutionContext.java:151)
at io.cucumber.core.runtime.RethrowingThrowableCollector.executeAndThrow(RethrowingThrowableCollector.java:23)
at io.cucumber.core.runtime.CucumberExecutionContext.runTestCase(CucumberExecutionContext.java:151)
at io.cucumber.testng.TestNGCucumberRunner.runScenario(TestNGCucumberRunner.java:129)
at io.cucumber.testng.AbstractTestNGCucumberTests.runScenario(AbstractTestNGCucumberTests.java:35)
at java.base/java.util.ArrayList.forEach(ArrayList.java:1511)
... Removed 25 stack frames]]>
    </failure>
  </testcase> <!-- runScenario -->
  <testcase classname="io.cucumber.testng.AbstractTestNGCucumberTests" name="runScenario" time="0.045">
    <failure type="io.cucumber.core.runner.DuplicateStepDefinitionException" message="Duplicate step definitions in StepDefinition_LMS.Assignment_StepDefinition.admin_should_see_disabled_delete_icon_below_the(java.lang.String) and StepDefinition_LMS.Attendance_StepDefinition.admin_should_see_disabled_delete_icon_below_the(java.lang.String)">
      <![CDATA[io.cucumber.core.runner.DuplicateStepDefinitionException: Duplicate step definitions in StepDefinition_LMS.Assignment_StepDefinition.admin_should_see_disabled_delete_icon_below_the(java.lang.String) and StepDefinition_LMS.Attendance_StepDefinition.admin_should_see_disabled_delete_icon_below_the(java.lang.String)
at io.cucumber.core.runner.CachingGlue.lambda$prepareGlue$3(CachingGlue.java:277)
at java.base/java.util.ArrayList.forEach(ArrayList.java:1511)
at io.cucumber.core.runner.CachingGlue.prepareGlue(CachingGlue.java:271)
at io.cucumber.core.runner.Runner.runPickle(Runner.java:72)
at io.cucumber.testng.TestNGCucumberRunner.lambda$runScenario$1(TestNGCucumberRunner.java:132)
at io.cucumber.core.runtime.CucumberExecutionContext.lambda$runTestCase$3(CucumberExecutionContext.java:151)
at io.cucumber.core.runtime.RethrowingThrowableCollector.executeAndThrow(RethrowingThrowableCollector.java:23)
at io.cucumber.core.runtime.CucumberExecutionContext.runTestCase(CucumberExecutionContext.java:151)
at io.cucumber.testng.TestNGCucumberRunner.runScenario(TestNGCucumberRunner.java:129)
at io.cucumber.testng.AbstractTestNGCucumberTests.runScenario(AbstractTestNGCucumberTests.java:35)
at java.base/java.util.ArrayList.forEach(ArrayList.java:1511)
... Removed 25 stack frames]]>
    </failure>
  </testcase> <!-- runScenario -->
  <testcase classname="io.cucumber.testng.AbstractTestNGCucumberTests" name="runScenario" time="0.072">
    <failure type="io.cucumber.core.runner.DuplicateStepDefinitionException" message="Duplicate step definitions in StepDefinition_LMS.Assignment_StepDefinition.admin_should_see_disabled_delete_icon_below_the(java.lang.String) and StepDefinition_LMS.Attendance_StepDefinition.admin_should_see_disabled_delete_icon_below_the(java.lang.String)">
      <![CDATA[io.cucumber.core.runner.DuplicateStepDefinitionException: Duplicate step definitions in StepDefinition_LMS.Assignment_StepDefinition.admin_should_see_disabled_delete_icon_below_the(java.lang.String) and StepDefinition_LMS.Attendance_StepDefinition.admin_should_see_disabled_delete_icon_below_the(java.lang.String)
at io.cucumber.core.runner.CachingGlue.lambda$prepareGlue$3(CachingGlue.java:277)
at java.base/java.util.ArrayList.forEach(ArrayList.java:1511)
at io.cucumber.core.runner.CachingGlue.prepareGlue(CachingGlue.java:271)
at io.cucumber.core.runner.Runner.runPickle(Runner.java:72)
at io.cucumber.testng.TestNGCucumberRunner.lambda$runScenario$1(TestNGCucumberRunner.java:132)
at io.cucumber.core.runtime.CucumberExecutionContext.lambda$runTestCase$3(CucumberExecutionContext.java:151)
at io.cucumber.core.runtime.RethrowingThrowableCollector.executeAndThrow(RethrowingThrowableCollector.java:23)
at io.cucumber.core.runtime.CucumberExecutionContext.runTestCase(CucumberExecutionContext.java:151)
at io.cucumber.testng.TestNGCucumberRunner.runScenario(TestNGCucumberRunner.java:129)
at io.cucumber.testng.AbstractTestNGCucumberTests.runScenario(AbstractTestNGCucumberTests.java:35)
at java.base/java.util.ArrayList.forEach(ArrayList.java:1511)
... Removed 25 stack frames]]>
    </failure>
  </testcase> <!-- runScenario -->
  <testcase classname="io.cucumber.testng.AbstractTestNGCucumberTests" name="runScenario" time="0.059">
    <failure type="io.cucumber.core.runner.DuplicateStepDefinitionException" message="Duplicate step definitions in StepDefinition_LMS.Assignment_StepDefinition.admin_should_see_disabled_delete_icon_below_the(java.lang.String) and StepDefinition_LMS.Attendance_StepDefinition.admin_should_see_disabled_delete_icon_below_the(java.lang.String)">
[...]
at java.base/java.util.ArrayList.forEach(ArrayList.java:1511)
... Removed 25 stack frames]]>
    </failure>
  </testcase> <!-- runScenario -->
  <testcase classname="io.cucumber.testng.AbstractTestNGCucumberTests" name="runScenario" time="0.041">
    <failure type="io.cucumber.core.runner.DuplicateStepDefinitionException" message="Duplicate step definitions in StepDefinition_LMS.Assignment_StepDefinition.admin_should_see_disabled_delete_icon_below_the(java.lang.String) and StepDefinition_LMS.Attendance_StepDefinition.admin_should_see_disabled_delete_icon_below_the(java.lang.String)">
      <![CDATA[io.cucumber.core.runner.DuplicateStepDefinitionException: Duplicate step definitions in StepDefinition_LMS.Assignment_StepDefinition.admin_should_see_disabled_delete_icon_below_the(java.lang.String) and StepDefinition_LMS.Attendance_StepDefinition.admin_should_see_disabled_delete_icon_below_the(java.lang.String)
at io.cucumber.core.runner.CachingGlue.lambda$prepareGlue$3(CachingGlue.java:277)
at java.base/java.util.ArrayList.forEach(ArrayList.java:1511)
at io.cucumber.core.runner.CachingGlue.prepareGlue(CachingGlue.java:271)
at io.cucumber.core.runner.Runner.runPickle(Runner.java:72)
at io.cucumber.testng.TestNGCucumberRunner.lambda$runScenario$1(TestNGCucumberRunner.java:132)
at io.cucumber.core.runtime.CucumberExecutionContext.lambda$runTestCase$3(CucumberExecutionContext.java:151)
at io.cucumber.core.runtime.RethrowingThrowableCollector.executeAndThrow(RethrowingThrowableCollector.java:23)
at io.cucumber.core.runtime.CucumberExecutionContext.runTestCase(CucumberExecutionContext.java:151)
at io.cucumber.testng.TestNGCucumberRunner.runScenario(TestNGCucumberRunner.java:129)
at io.cucumber.testng.AbstractTestNGCucumberTests.runScenario(AbstractTestNGCucumberTests.java:35)
at java.base/java.util.ArrayList.forEach(ArrayList.java:1511)
... Removed 25 stack frames]]>
    </failure>
  </testcase> <!-- runScenario -->
  <testcase classname="io.cucumber.testng.AbstractTestNGCucumberTests" name="runScenario" time="0.044">
    <failure type="io.cucumber.core.runner.DuplicateStepDefinitionException" message="Duplicate step definitions in StepDefinition_LMS.Assignment_StepDefinition.admin_should_see_disabled_delete_icon_below_the(java.lang.String) and StepDefinition_LMS.Attendance_StepDefinition.admin_should_see_disabled_delete_icon_below_the(java.lang.String)">
      <![CDATA[io.cucumber.core.runner.DuplicateStepDefinitionException: Duplicate step definitions in StepDefinition_LMS.Assignment_StepDefinition.admin_should_see_disabled_delete_icon_below_the(java.lang.String) and StepDefinition_LMS.Attendance_StepDefinition.admin_should_see_disabled_delete_icon_below_the(java.lang.String)
at io.cucumber.core.runner.CachingGlue.lambda$prepareGlue$3(CachingGlue.java:277)
at java.base/java.util.ArrayList.forEach(ArrayList.java:1511)
at io.cucumber.core.runner.CachingGlue.prepareGlue(CachingGlue.java:271)
at io.cucumber.core.runner.Runner.runPickle(Runner.java:72)
at io.cucumber.testng.TestNGCucumberRunner.lambda$runScenario$1(TestNGCucumberRunner.java:132)
at io.cucumber.core.runtime.CucumberExecutionContext.lambda$runTestCase$3(CucumberExecutionContext.java:151)
at io.cucumber.core.runtime.RethrowingThrowableCollector.executeAndThrow(RethrowingThrowableCollector.java:23)
at io.cucumber.core.runtime.CucumberExecutionContext.runTestCase(CucumberExecutionContext.java:151)
at io.cucumber.testng.TestNGCucumberRunner.runScenario(TestNGCucumberRunner.java:129)
at io.cucumber.testng.AbstractTestNGCucumberTests.runScenario(AbstractTestNGCucumberTests.java:35)
at java.base/java.util.ArrayList.forEach(ArrayList.java:1511)
... Removed 25 stack frames]]>
    </failure>
  </testcase> <!-- runScenario -->
  <testcase classname="io.cucumber.testng.AbstractTestNGCucumberTests" name="runScenario" time="0.045">
    <failure type="io.cucumber.core.runner.DuplicateStepDefinitionException" message="Duplicate step definitions in StepDefinition_LMS.Assignment_StepDefinition.admin_should_see_disabled_delete_icon_below_the(java.lang.String) and StepDefinition_LMS.Attendance_StepDefinition.admin_should_see_disabled_delete_icon_below_the(java.lang.String)">
      <![CDATA[io.cucumber.core.runner.DuplicateStepDefinitionException: Duplicate step definitions in StepDefinition_LMS.Assignment_StepDefinition.admin_should_see_disabled_delete_icon_below_the(java.lang.String) and StepDefinition_LMS.Attendance_StepDefinition.admin_should_see_disabled_delete_icon_below_the(java.lang.String)
at io.cucumber.core.runner.CachingGlue.lambda$prepareGlue$3(CachingGlue.java:277)
at java.base/java.util.ArrayList.forEach(ArrayList.java:1511)
at io.cucumber.core.runner.CachingGlue.prepareGlue(CachingGlue.java:271)
at io.cucumber.core.runner.Runner.runPickle(Runner.java:72)
at io.cucumber.testng.TestNGCucumberRunner.lambda$runScenario$1(TestNGCucumberRunner.java:132)
at io.cucumber.core.runtime.CucumberExecutionContext.lambda$runTestCase$3(CucumberExecutionContext.java:151)
at io.cucumber.core.runtime.RethrowingThrowableCollector.executeAndThrow(RethrowingThrowableCollector.java:23)
at io.cucumber.core.runtime.CucumberExecutionContext.runTestCase(CucumberExecutionContext.java:151)
at io.cucumber.testng.TestNGCucumberRunner.runScenario(TestNGCucumberRunner.java:129)
at io.cucumber.testng.AbstractTestNGCucumberTests.runScenario(AbstractTestNGCucumberTests.java:35)
at java.base/java.util.ArrayList.forEach(ArrayList.java:1511)
... Removed 25 stack frames]]>
    </failure>
  </testcase> <!-- runScenario -->
  <testcase classname="io.cucumber.testng.AbstractTestNGCucumberTests" name="runScenario" time="0.043">
    <failure type="io.cucumber.core.runner.DuplicateStepDefinitionException" message="Duplicate step definitions in StepDefinition_LMS.Assignment_StepDefinition.admin_should_see_disabled_delete_icon_below_the(java.lang.String) and StepDefinition_LMS.Attendance_StepDefinition.admin_should_see_disabled_delete_icon_below_the(java.lang.String)">
      <![CDATA[io.cucumber.core.runner.DuplicateStepDefinitionException: Duplicate step definitions in StepDefinition_LMS.Assignment_StepDefinition.admin_should_see_disabled_delete_icon_below_the(java.lang.String) and StepDefinition_LMS.Attendance_StepDefinition.admin_should_see_disabled_delete_icon_below_the(java.lang.String)
at io.cucumber.core.runner.CachingGlue.lambda$prepareGlue$3(CachingGlue.java:277)
at java.base/java.util.ArrayList.forEach(ArrayList.java:1511)
at io.cucumber.core.runner.CachingGlue.prepareGlue(CachingGlue.java:271)
at io.cucumber.core.runner.Runner.runPickle(Runner.java:72)
at io.cucumber.testng.TestNGCucumberRunner.lambda$runScenario$1(TestNGCucumberRunner.java:132)
at io.cucumber.core.runtime.CucumberExecutionContext.lambda$runTestCase$3(CucumberExecutionContext.java:151)
at io.cucumber.core.runtime.RethrowingThrowableCollector.executeAndThrow(RethrowingThrowableCollector.java:23)
at io.cucumber.core.runtime.CucumberExecutionContext.runTestCase(CucumberExecutionContext.java:151)
at io.cucumber.testng.TestNGCucumberRunner.runScenario(TestNGCucumberRunner.java:129)
at io.cucumber.testng.AbstractTestNGCucumberTests.runScenario(AbstractTestNGCucumberTests.java:35)
at java.base/java.util.ArrayList.forEach(ArrayList.java:1511)
... Removed 25 stack frames]]>
    </failure>
  </testcase> <!-- runScenario -->
  <testcase classname="io.cucumber.testng.AbstractTestNGCucumberTests" name="runScenario" time="0.041">
    <failure type="io.cucumber.core.runner.DuplicateStepDefinitionException" message="Duplicate step definitions in StepDefinition_LMS.Assignment_StepDefinition.admin_should_see_disabled_delete_icon_below_the(java.lang.String) and StepDefinition_LMS.Attendance_StepDefinition.admin_should_see_disabled_delete_icon_below_the(java.lang.String)">
      <![CDATA[io.cucumber.core.runner.DuplicateStepDefinitionException: Duplicate step definitions in StepDefinition_LMS.Assignment_StepDefinition.admin_should_see_disabled_delete_icon_below_the(java.lang.String) and StepDefinition_LMS.Attendance_StepDefinition.admin_should_see_disabled_delete_icon_below_the(java.lang.String)
at io.cucumber.core.runner.CachingGlue.lambda$prepareGlue$3(CachingGlue.java:277)
at java.base/java.util.ArrayList.forEach(ArrayList.java:1511)
at io.cucumber.core.runner.CachingGlue.prepareGlue(CachingGlue.java:271)
at io.cucumber.core.runner.Runner.runPickle(Runner.java:72)
at io.cucumber.testng.TestNGCucumberRunner.lambda$runScenario$1(TestNGCucumberRunner.java:132)
at io.cucumber.core.runtime.CucumberExecutionContext.lambda$runTestCase$3(CucumberExecutionContext.java:151)
at io.cucumber.core.runtime.RethrowingThrowableCollector.executeAndThrow(RethrowingThrowableCollector.java:23)
at io.cucumber.core.runtime.CucumberExecutionContext.runTestCase(CucumberExecutionContext.java:151)
at io.cucumber.testng.TestNGCucumberRunner.runScenario(TestNGCucumberRunner.java:129)
at io.cucumber.testng.AbstractTestNGCucumberTests.runScenario(AbstractTestNGCucumberTests.java:35)
at java.base/java.util.ArrayList.forEach(ArrayList.java:1511)
... Removed 25 stack frames]]>
    </failure>
  </testcase> <!-- runScenario -->
  <testcase classname="io.cucumber.testng.AbstractTestNGCucumberTests" name="runScenario" time="0.057">
    <failure type="io.cucumber.core.runner.DuplicateStepDefinitionException" message="Duplicate step definitions in StepDefinition_LMS.Assignment_StepDefinition.admin_should_see_disabled_delete_icon_below_the(java.lang.String) and StepDefinition_LMS.Attendance_StepDefinition.admin_should_see_disabled_delete_icon_below_the(java.lang.String)">
      <![CDATA[io.cucumber.core.runner.DuplicateStepDefinitionException: Duplicate step definitions in StepDefinition_LMS.Assignment_StepDefinition.admin_should_see_disabled_delete_icon_below_the(java.lang.String) and StepDefinition_LMS.Attendance_StepDefinition.admin_should_see_disabled_delete_icon_below_the(java.lang.String)
at io.cucumber.core.runner.CachingGlue.lambda$prepareGlue$3(CachingGlue.java:277)
at java.base/java.util.ArrayList.forEach(ArrayList.java:1511)
at io.cucumber.core.runner.CachingGlue.prepareGlue(CachingGlue.java:271)
at io.cucumber.core.runner.Runner.runPickle(Runner.java:72)
at io.cucumber.testng.TestNGCucumberRunner.lambda$runScenario$1(TestNGCucumberRunner.java:132)
at io.cucumber.core.runtime.CucumberExecutionContext.lambda$runTestCase$3(CucumberExecutionContext.java:151)
at io.cucumber.core.runtime.RethrowingThrowableCollector.executeAndThrow(RethrowingThrowableCollector.java:23)
at io.cucumber.core.runtime.CucumberExecutionContext.runTestCase(CucumberExecutionContext.java:151)
at io.cucumber.testng.TestNGCucumberRunner.runScenario(TestNGCucumberRunner.java:129)
at io.cucumber.testng.AbstractTestNGCucumberTests.runScenario(AbstractTestNGCucumberTests.java:35)
at java.base/java.util.ArrayList.forEach(ArrayList.java:1511)
... Removed 25 stack frames]]>
    </failure>
  </testcase> <!-- runScenario -->
  <testcase classname="io.cucumber.testng.AbstractTestNGCucumberTests" name="runScenario" time="0.053">
    <failure type="io.cucumber.core.runner.DuplicateStepDefinitionException" message="Duplicate step definitions in StepDefinition_LMS.Assignment_StepDefinition.admin_should_see_disabled_delete_icon_below_the(java.lang.String) and StepDefinition_LMS.Attendance_StepDefinition.admin_should_see_disabled_delete_icon_below_the(java.lang.String)">
      <![CDATA[io.cucumber.core.runner.DuplicateStepDefinitionException: Duplicate step definitions in StepDefinition_LMS.Assignment_StepDefinition.admin_should_see_disabled_delete_icon_below_the(java.lang.String) and StepDefinition_LMS.Attendance_StepDefinition.admin_should_see_disabled_delete_icon_below_the(java.lang.String)
at io.cucumber.core.runner.CachingGlue.lambda$prepareGlue$3(CachingGlue.java:277)
at java.base/java.util.ArrayList.forEach(ArrayList.java:1511)
at io.cucumber.core.runner.CachingGlue.prepareGlue(CachingGlue.java:271)
at io.cucumber.core.runner.Runner.runPickle(Runner.java:72)
at io.cucumber.testng.TestNGCucumberRunner.lambda$runScenario$1(TestNGCucumberRunner.java:132)
at io.cucumber.core.runtime.CucumberExecutionContext.lambda$runTestCase$3(CucumberExecutionContext.java:151)
at io.cucumber.core.runtime.RethrowingThrowableCollector.executeAndThrow(RethrowingThrowableCollector.java:23)
at io.cucumber.core.runtime.CucumberExecutionContext.runTestCase(CucumberExecutionContext.java:151)
at io.cucumber.testng.TestNGCucumberRunner.runScenario(TestNGCucumberRunner.java:129)
at io.cucumber.testng.AbstractTestNGCucumberTests.runScenario(AbstractTestNGCucumberTests.java:35)
at java.base/java.util.ArrayList.forEach(ArrayList.java:1511)
... Removed 25 stack frames]]>
    </failure>
  </testcase> <!-- runScenario -->
  <testcase classname="io.cucumber.testng.AbstractTestNGCucumberTests" name="runScenario" time="0.045">
    <failure type="io.cucumber.core.runner.DuplicateStepDefinitionException" message="Duplicate step definitions in StepDefinition_LMS.Assignment_StepDefinition.admin_should_see_disabled_delete_icon_below_the(java.lang.String) and StepDefinition_LMS.Attendance_StepDefinition.admin_should_see_disabled_delete_icon_below_the(java.lang.String)">
      <![CDATA[io.cucumber.core.runner.DuplicateStepDefinitionException: Duplicate step definitions in StepDefinition_LMS.Assignment_StepDefinition.admin_should_see_disabled_delete_icon_below_the(java.lang.String) and StepDefinition_LMS.Attendance_StepDefinition.admin_should_see_disabled_delete_icon_below_the(java.lang.String)
at io.cucumber.core.runner.CachingGlue.lambda$prepareGlue$3(CachingGlue.java:277)
at java.base/java.util.ArrayList.forEach(ArrayList.java:1511)
at io.cucumber.core.runner.CachingGlue.prepareGlue(CachingGlue.java:271)
at io.cucumber.core.runner.Runner.runPickle(Runner.java:72)
at io.cucumber.testng.TestNGCucumberRunner.lambda$runScenario$1(TestNGCucumberRunner.java:132)
at io.cucumber.core.runtime.CucumberExecutionContext.lambda$runTestCase$3(CucumberExecutionContext.java:151)
at io.cucumber.core.runtime.RethrowingThrowableCollector.executeAndThrow(RethrowingThrowableCollector.java:23)
at io.cucumber.core.runtime.CucumberExecutionContext.runTestCase(CucumberExecutionContext.java:151)
at io.cucumber.testng.TestNGCucumberRunner.runScenario(TestNGCucumberRunner.java:129)
at io.cucumber.testng.AbstractTestNGCucumberTests.runScenario(AbstractTestNGCucumberTests.java:35)
at java.base/java.util.ArrayList.forEach(ArrayList.java:1511)
... Removed 25 stack frames]]>
    </failure>
  </testcase> <!-- runScenario -->
  <testcase classname="io.cucumber.testng.AbstractTestNGCucumberTests" name="runScenario" time="0.044">
    <failure type="io.cucumber.core.runner.DuplicateStepDefinitionException" message="Duplicate step definitions in StepDefinition_LMS.Assignment_StepDefinition.admin_should_see_disabled_delete_icon_below_the(java.lang.String) and StepDefinition_LMS.Attendance_StepDefinition.admin_should_see_disabled_delete_icon_below_the(java.lang.String)">
      <![CDATA[io.cucumber.core.runner.DuplicateStepDefinitionException: Duplicate step definitions in StepDefinition_LMS.Assignment_StepDefinition.admin_should_see_disabled_delete_icon_below_the(java.lang.String) and StepDefinition_LMS.Attendance_StepDefinition.admin_should_see_disabled_delete_icon_below_the(java.lang.String)
at io.cucumber.core.runner.CachingGlue.lambda$prepareGlue$3(CachingGlue.java:277)
at java.base/java.util.ArrayList.forEach(ArrayList.java:1511)
at io.cucumber.core.runner.CachingGlue.prepareGlue(CachingGlue.java:271)
at io.cucumber.core.runner.Runner.runPickle(Runner.java:72)
at io.cucumber.testng.TestNGCucumberRunner.lambda$runScenario$1(TestNGCucumberRunner.java:132)
at io.cucumber.core.runtime.CucumberExecutionContext.lambda$runTestCase$3(CucumberExecutionContext.java:151)
at io.cucumber.core.runtime.RethrowingThrowableCollector.executeAndThrow(RethrowingThrowableCollector.java:23)
at io.cucumber.core.runtime.CucumberExecutionContext.runTestCase(CucumberExecutionContext.java:151)
at io.cucumber.testng.TestNGCucumberRunner.runScenario(TestNGCucumberRunner.java:129)
at io.cucumber.testng.AbstractTestNGCucumberTests.runScenario(AbstractTestNGCucumberTests.java:35)
at java.base/java.util.ArrayList.forEach(ArrayList.java:1511)
... Removed 25 stack frames]]>
    </failure>
  </testcase> <!-- runScenario -->
  <testcase classname="io.cucumber.testng.AbstractTestNGCucumberTests" name="runScenario" time="0.047">
    <failure type="io.cucumber.core.runner.DuplicateStepDefinitionException" message="Duplicate step definitions in StepDefinition_LMS.Assignment_StepDefinition.admin_should_see_disabled_delete_icon_below_the(java.lang.String) and StepDefinition_LMS.Attendance_StepDefinition.admin_should_see_disabled_delete_icon_below_the(java.lang.String)">
      <![CDATA[io.cucumber.core.runner.DuplicateStepDefinitionException: Duplicate step definitions in StepDefinition_LMS.Assignment_StepDefinition.admin_should_see_disabled_delete_icon_below_the(java.lang.String) and StepDefinition_LMS.Attendance_StepDefinition.admin_should_see_disabled_delete_icon_below_the(java.lang.String)
at io.cucumber.core.runner.CachingGlue.lambda$prepareGlue$3(CachingGlue.java:277)
at java.base/java.util.ArrayList.forEach(ArrayList.java:1511)
at io.cucumber.core.runner.CachingGlue.prepareGlue(CachingGlue.java:271)
at io.cucumber.core.runner.Runner.runPickle(Runner.java:72)
at io.cucumber.testng.TestNGCucumberRunner.lambda$runScenario$1(TestNGCucumberRunner.java:132)
at io.cucumber.core.runtime.CucumberExecutionContext.lambda$runTestCase$3(CucumberExecutionContext.java:151)
at io.cucumber.core.runtime.RethrowingThrowableCollector.executeAndThrow(RethrowingThrowableCollector.java:23)
at io.cucumber.core.runtime.CucumberExecutionContext.runTestCase(CucumberExecutionContext.java:151)
at io.cucumber.testng.TestNGCucumberRunner.runScenario(TestNGCucumberRunner.java:129)
at io.cucumber.testng.AbstractTestNGCucumberTests.runScenario(AbstractTestNGCucumberTests.java:35)
at java.base/java.util.ArrayList.forEach(ArrayList.java:1511)
... Removed 25 stack frames]]>
    </failure>
  </testcase> <!-- runScenario -->
  <testcase classname="io.cucumber.testng.AbstractTestNGCucumberTests" name="runScenario" time="0.04">
    <failure type="io.cucumber.core.runner.DuplicateStepDefinitionException" message="Duplicate step definitions in StepDefinition_LMS.Assignment_StepDefinition.admin_should_see_disabled_delete_icon_below_the(java.lang.String) and StepDefinition_LMS.Attendance_StepDefinition.admin_should_see_disabled_delete_icon_below_the(java.lang.String)">
      <![CDATA[io.cucumber.core.runner.DuplicateStepDefinitionException: Duplicate step definitions in StepDefinition_LMS.Assignment_StepDefinition.admin_should_see_disabled_delete_icon_below_the(java.lang.String) and StepDefinition_LMS.Attendance_StepDefinition.admin_should_see_disabled_delete_icon_below_the(java.lang.String)
at io.cucumber.core.runner.CachingGlue.lambda$prepareGlue$3(CachingGlue.java:277)
at java.base/java.util.ArrayList.forEach(ArrayList.java:1511)
at io.cucumber.core.runner.CachingGlue.prepareGlue(CachingGlue.java:271)
at io.cucumber.core.runner.Runner.runPickle(Runner.java:72)
at io.cucumber.testng.TestNGCucumberRunner.lambda$runScenario$1(TestNGCucumberRunner.java:132)
at io.cucumber.core.runtime.CucumberExecutionContext.lambda$runTestCase$3(CucumberExecutionContext.java:151)
at io.cucumber.core.runtime.RethrowingThrowableCollector.executeAndThrow(RethrowingThrowableCollector.java:23)
at io.cucumber.core.runtime.CucumberExecutionContext.runTestCase(CucumberExecutionContext.java:151)
at io.cucumber.testng.TestNGCucumberRunner.runScenario(TestNGCucumberRunner.java:129)
at io.cucumber.testng.AbstractTestNGCucumberTests.runScenario(AbstractTestNGCucumberTests.java:35)
at java.base/java.util.ArrayList.forEach(ArrayList.java:1511)
... Removed 25 stack frames]]>
    </failure>
  </testcase> <!-- runScenario -->
</testsuite> <!-- Test -->
